============================= test session starts ==============================
platform darwin -- Python 3.11.5, pytest-9.0.3, pluggy-1.6.0 -- /Users/sergiolr/Desktop/Productos/React-Python-Login-Admin/backend/.venv-t003/bin/python3.11
cachedir: .pytest_cache
rootdir: /Users/sergiolr/Desktop/Productos/React-Python-Login-Admin/backend
configfile: pyproject.toml
plugins: cov-7.1.0, asyncio-1.3.0, langsmith-0.8.3, anyio-4.13.0
asyncio: mode=Mode.AUTO, debug=False, asyncio_default_fixture_loop_scope=None, asyncio_default_test_loop_scope=function
collecting ... collected 3 items

tests/integration/test_db_engine_no_secret_leak.py::test_engine_echo_is_false PASSED [ 33%]
tests/integration/test_db_engine_no_secret_leak.py::test_echo_false_vs_echo_true_fernet_leak PASSED [ 66%]
tests/integration/test_db_engine_no_secret_leak.py::test_seed_cli_verbose_no_gaaaaa_in_output SKIPPED [100%]

========================= 2 passed, 1 skipped in 0.26s =========================
