============================= test session starts ==============================
platform darwin -- Python 3.11.5, pytest-9.0.3, pluggy-1.6.0 -- /Users/sergiolr/Desktop/Productos/React-Python-Login-Admin/backend/.venv-t003/bin/python3.11
cachedir: .pytest_cache
rootdir: /Users/sergiolr/Desktop/Productos/React-Python-Login-Admin/backend
configfile: pyproject.toml
plugins: cov-7.1.0, asyncio-1.3.0, langsmith-0.8.3, anyio-4.13.0
asyncio: mode=Mode.AUTO, debug=False, asyncio_default_fixture_loop_scope=None, asyncio_default_test_loop_scope=function
collecting ... collected 7 items

tests/integration/test_admin_ai_discover_models.py::test_discover_models_gemini_real PASSED [ 14%]
tests/integration/test_admin_ai_discover_models.py::test_discover_models_idempotent FAILED [ 28%]
tests/integration/test_admin_ai_discover_models.py::test_discover_models_litellm_empty PASSED [ 42%]
tests/integration/test_admin_ai_discover_models.py::test_discover_models_404_unknown_provider FAILED [ 57%]
tests/integration/test_admin_ai_discover_models.py::test_discover_models_401_no_auth PASSED [ 71%]
tests/integration/test_admin_ai_discover_models.py::test_discover_models_403_non_admin PASSED [ 85%]
tests/integration/test_admin_ai_discover_models.py::test_audit_log_written PASSED [100%]

=================================== FAILURES ===================================
_______________________ test_discover_models_idempotent ________________________

http_client = <httpx.AsyncClient object at 0x1097141d0>

    @_DB_SKIP
    @_GEMINI_SKIP
    async def test_discover_models_idempotent(http_client: AsyncClient) -> None:
        """V3: Second call returns added=[] and existing matches first call's total.
    
        Verifies the SELECT-then-INSERT diff is stable: calling discover-models twice
        on the same provider yields no new rows on the second call.
    
        Acceptance: V3, A2 (existing rows left unchanged).
        """
        gemini_key = _gemini_key()
        provider_id: uuid.UUID | None = None
    
        async with _fresh_session() as session:
            provider_id, _ = await _insert_provider(
                session=session,
                name="test-gemini-idempotent",
                provider_type="gemini",
                base_url="https://generativelanguage.googleapis.com",
                api_key=gemini_key,
            )
    
        try:
            headers = {
                "Authorization": "Bearer dev-admin-test",
                "X-Request-ID": str(uuid.uuid4()),
            }
            url = f"/api/v1/admin/ai/providers/{provider_id}/discover-models"
    
            # First call
>           resp1 = await http_client.post(url, headers=headers)
                    ^^^^^^^^^^^^^^^^^^^^^^^^^^^^^^^^^^^^^^^^^^^^

tests/integration/test_admin_ai_discover_models.py:372: 
_ _ _ _ _ _ _ _ _ _ _ _ _ _ _ _ _ _ _ _ _ _ _ _ _ _ _ _ _ _ _ _ _ _ _ _ _ _ _ _ 

self = <httpx.AsyncClient object at 0x1097141d0>
url = '/api/v1/admin/ai/providers/fdea220a-6b40-4d7c-9a6b-d174b1cb4218/discover-models'

    async def post(
        self,
        url: URL | str,
        *,
        content: RequestContent | None = None,
        data: RequestData | None = None,
        files: RequestFiles | None = None,
        json: typing.Any | None = None,
        params: QueryParamTypes | None = None,
        headers: HeaderTypes | None = None,
        cookies: CookieTypes | None = None,
        auth: AuthTypes | UseClientDefault = USE_CLIENT_DEFAULT,
        follow_redirects: bool | UseClientDefault = USE_CLIENT_DEFAULT,
        timeout: TimeoutTypes | UseClientDefault = USE_CLIENT_DEFAULT,
        extensions: RequestExtensions | None = None,
    ) -> Response:
        """
        Send a `POST` request.
    
        **Parameters**: See `httpx.request`.
        """
>       return await self.request(
            "POST",
            url,
            content=content,
            data=data,
            files=files,
            json=json,
            params=params,
            headers=headers,
            cookies=cookies,
            auth=auth,
            follow_redirects=follow_redirects,
            timeout=timeout,
            extensions=extensions,
        )

.venv-t003/lib/python3.11/site-packages/httpx/_client.py:1859: 
_ _ _ _ _ _ _ _ _ _ _ _ _ _ _ _ _ _ _ _ _ _ _ _ _ _ _ _ _ _ _ _ _ _ _ _ _ _ _ _ 

self = <httpx.AsyncClient object at 0x1097141d0>, method = 'POST'
url = '/api/v1/admin/ai/providers/fdea220a-6b40-4d7c-9a6b-d174b1cb4218/discover-models'

    async def request(
        self,
        method: str,
        url: URL | str,
        *,
        content: RequestContent | None = None,
        data: RequestData | None = None,
        files: RequestFiles | None = None,
        json: typing.Any | None = None,
        params: QueryParamTypes | None = None,
        headers: HeaderTypes | None = None,
        cookies: CookieTypes | None = None,
        auth: AuthTypes | UseClientDefault | None = USE_CLIENT_DEFAULT,
        follow_redirects: bool | UseClientDefault = USE_CLIENT_DEFAULT,
        timeout: TimeoutTypes | UseClientDefault = USE_CLIENT_DEFAULT,
        extensions: RequestExtensions | None = None,
    ) -> Response:
        """
        Build and send a request.
    
        Equivalent to:
    
        ```python
        request = client.build_request(...)
        response = await client.send(request, ...)
        ```
    
        See `AsyncClient.build_request()`, `AsyncClient.send()`
        and [Merging of configuration][0] for how the various parameters
        are merged with client-level configuration.
    
        [0]: /advanced/clients/#merging-of-configuration
        """
    
        if cookies is not None:  # pragma: no cover
            message = (
                "Setting per-request cookies=<...> is being deprecated, because "
                "the expected behaviour on cookie persistence is ambiguous. Set "
                "cookies directly on the client instance instead."
            )
            warnings.warn(message, DeprecationWarning, stacklevel=2)
    
        request = self.build_request(
            method=method,
            url=url,
            content=content,
            data=data,
            files=files,
            json=json,
            params=params,
            headers=headers,
            cookies=cookies,
            timeout=timeout,
            extensions=extensions,
        )
>       return await self.send(request, auth=auth, follow_redirects=follow_redirects)
               ^^^^^^^^^^^^^^^^^^^^^^^^^^^^^^^^^^^^^^^^^^^^^^^^^^^^^^^^^^^^^^^^^^^^^^

.venv-t003/lib/python3.11/site-packages/httpx/_client.py:1540: 
_ _ _ _ _ _ _ _ _ _ _ _ _ _ _ _ _ _ _ _ _ _ _ _ _ _ _ _ _ _ _ _ _ _ _ _ _ _ _ _ 

self = <httpx.AsyncClient object at 0x1097141d0>
request = <Request('POST', 'http://testserver/api/v1/admin/ai/providers/fdea220a-6b40-4d7c-9a6b-d174b1cb4218/discover-models')>

    async def send(
        self,
        request: Request,
        *,
        stream: bool = False,
        auth: AuthTypes | UseClientDefault | None = USE_CLIENT_DEFAULT,
        follow_redirects: bool | UseClientDefault = USE_CLIENT_DEFAULT,
    ) -> Response:
        """
        Send a request.
    
        The request is sent as-is, unmodified.
    
        Typically you'll want to build one with `AsyncClient.build_request()`
        so that any client-level configuration is merged into the request,
        but passing an explicit `httpx.Request()` is supported as well.
    
        See also: [Request instances][0]
    
        [0]: /advanced/clients/#request-instances
        """
        if self._state == ClientState.CLOSED:
            raise RuntimeError("Cannot send a request, as the client has been closed.")
    
        self._state = ClientState.OPENED
        follow_redirects = (
            self.follow_redirects
            if isinstance(follow_redirects, UseClientDefault)
            else follow_redirects
        )
    
        self._set_timeout(request)
    
        auth = self._build_request_auth(request, auth)
    
>       response = await self._send_handling_auth(
            request,
            auth=auth,
            follow_redirects=follow_redirects,
            history=[],
        )

.venv-t003/lib/python3.11/site-packages/httpx/_client.py:1629: 
_ _ _ _ _ _ _ _ _ _ _ _ _ _ _ _ _ _ _ _ _ _ _ _ _ _ _ _ _ _ _ _ _ _ _ _ _ _ _ _ 

self = <httpx.AsyncClient object at 0x1097141d0>
request = <Request('POST', 'http://testserver/api/v1/admin/ai/providers/fdea220a-6b40-4d7c-9a6b-d174b1cb4218/discover-models')>
auth = <httpx.Auth object at 0x109ae9750>, follow_redirects = False
history = []

    async def _send_handling_auth(
        self,
        request: Request,
        auth: Auth,
        follow_redirects: bool,
        history: list[Response],
    ) -> Response:
        auth_flow = auth.async_auth_flow(request)
        try:
            request = await auth_flow.__anext__()
    
            while True:
>               response = await self._send_handling_redirects(
                    request,
                    follow_redirects=follow_redirects,
                    history=history,
                )

.venv-t003/lib/python3.11/site-packages/httpx/_client.py:1657: 
_ _ _ _ _ _ _ _ _ _ _ _ _ _ _ _ _ _ _ _ _ _ _ _ _ _ _ _ _ _ _ _ _ _ _ _ _ _ _ _ 

self = <httpx.AsyncClient object at 0x1097141d0>
request = <Request('POST', 'http://testserver/api/v1/admin/ai/providers/fdea220a-6b40-4d7c-9a6b-d174b1cb4218/discover-models')>
follow_redirects = False, history = []

    async def _send_handling_redirects(
        self,
        request: Request,
        follow_redirects: bool,
        history: list[Response],
    ) -> Response:
        while True:
            if len(history) > self.max_redirects:
                raise TooManyRedirects(
                    "Exceeded maximum allowed redirects.", request=request
                )
    
            for hook in self._event_hooks["request"]:
                await hook(request)
    
>           response = await self._send_single_request(request)
                       ^^^^^^^^^^^^^^^^^^^^^^^^^^^^^^^^^^^^^^^^

.venv-t003/lib/python3.11/site-packages/httpx/_client.py:1694: 
_ _ _ _ _ _ _ _ _ _ _ _ _ _ _ _ _ _ _ _ _ _ _ _ _ _ _ _ _ _ _ _ _ _ _ _ _ _ _ _ 

self = <httpx.AsyncClient object at 0x1097141d0>
request = <Request('POST', 'http://testserver/api/v1/admin/ai/providers/fdea220a-6b40-4d7c-9a6b-d174b1cb4218/discover-models')>

    async def _send_single_request(self, request: Request) -> Response:
        """
        Sends a single request, without handling any redirections.
        """
        transport = self._transport_for_url(request.url)
        start = time.perf_counter()
    
        if not isinstance(request.stream, AsyncByteStream):
            raise RuntimeError(
                "Attempted to send an sync request with an AsyncClient instance."
            )
    
        with request_context(request=request):
>           response = await transport.handle_async_request(request)
                       ^^^^^^^^^^^^^^^^^^^^^^^^^^^^^^^^^^^^^^^^^^^^^

.venv-t003/lib/python3.11/site-packages/httpx/_client.py:1730: 
_ _ _ _ _ _ _ _ _ _ _ _ _ _ _ _ _ _ _ _ _ _ _ _ _ _ _ _ _ _ _ _ _ _ _ _ _ _ _ _ 

self = <httpx.ASGITransport object at 0x109715690>
request = <Request('POST', 'http://testserver/api/v1/admin/ai/providers/fdea220a-6b40-4d7c-9a6b-d174b1cb4218/discover-models')>

    async def handle_async_request(
        self,
        request: Request,
    ) -> Response:
        assert isinstance(request.stream, AsyncByteStream)
    
        # ASGI scope.
        scope = {
            "type": "http",
            "asgi": {"version": "3.0"},
            "http_version": "1.1",
            "method": request.method,
            "headers": [(k.lower(), v) for (k, v) in request.headers.raw],
            "scheme": request.url.scheme,
            "path": request.url.path,
            "raw_path": request.url.raw_path.split(b"?")[0],
            "query_string": request.url.query,
            "server": (request.url.host, request.url.port),
            "client": self.client,
            "root_path": self.root_path,
        }
    
        # Request.
        request_body_chunks = request.stream.__aiter__()
        request_complete = False
    
        # Response.
        status_code = None
        response_headers = None
        body_parts = []
        response_started = False
        response_complete = create_event()
    
        # ASGI callables.
    
        async def receive() -> dict[str, typing.Any]:
            nonlocal request_complete
    
            if request_complete:
                await response_complete.wait()
                return {"type": "http.disconnect"}
    
            try:
                body = await request_body_chunks.__anext__()
            except StopAsyncIteration:
                request_complete = True
                return {"type": "http.request", "body": b"", "more_body": False}
            return {"type": "http.request", "body": body, "more_body": True}
    
        async def send(message: typing.MutableMapping[str, typing.Any]) -> None:
            nonlocal status_code, response_headers, response_started
    
            if message["type"] == "http.response.start":
                assert not response_started
    
                status_code = message["status"]
                response_headers = message.get("headers", [])
                response_started = True
    
            elif message["type"] == "http.response.body":
                assert not response_complete.is_set()
                body = message.get("body", b"")
                more_body = message.get("more_body", False)
    
                if body and request.method != "HEAD":
                    body_parts.append(body)
    
                if not more_body:
                    response_complete.set()
    
        try:
>           await self.app(scope, receive, send)

.venv-t003/lib/python3.11/site-packages/httpx/_transports/asgi.py:170: 
_ _ _ _ _ _ _ _ _ _ _ _ _ _ _ _ _ _ _ _ _ _ _ _ _ _ _ _ _ _ _ _ _ _ _ _ _ _ _ _ 

self = <fastapi.applications.FastAPI object at 0x10940b990>
scope = {'app': <fastapi.applications.FastAPI object at 0x10940b990>, 'asgi': {'version': '3.0'}, 'client': ('127.0.0.1', 123), 'endpoint': <function discover_models at 0x1095d0d60>, ...}
receive = <function ASGITransport.handle_async_request.<locals>.receive at 0x109a83060>
send = <function ASGITransport.handle_async_request.<locals>.send at 0x109a62f20>

    async def __call__(self, scope: Scope, receive: Receive, send: Send) -> None:
        if self.root_path:
            scope["root_path"] = self.root_path
>       await super().__call__(scope, receive, send)

.venv-t003/lib/python3.11/site-packages/fastapi/applications.py:1159: 
_ _ _ _ _ _ _ _ _ _ _ _ _ _ _ _ _ _ _ _ _ _ _ _ _ _ _ _ _ _ _ _ _ _ _ _ _ _ _ _ 

self = <fastapi.applications.FastAPI object at 0x10940b990>
scope = {'app': <fastapi.applications.FastAPI object at 0x10940b990>, 'asgi': {'version': '3.0'}, 'client': ('127.0.0.1', 123), 'endpoint': <function discover_models at 0x1095d0d60>, ...}
receive = <function ASGITransport.handle_async_request.<locals>.receive at 0x109a83060>
send = <function ASGITransport.handle_async_request.<locals>.send at 0x109a62f20>

    async def __call__(self, scope: Scope, receive: Receive, send: Send) -> None:
        scope["app"] = self
        if self.middleware_stack is None:
            self.middleware_stack = self.build_middleware_stack()
>       await self.middleware_stack(scope, receive, send)

.venv-t003/lib/python3.11/site-packages/starlette/applications.py:90: 
_ _ _ _ _ _ _ _ _ _ _ _ _ _ _ _ _ _ _ _ _ _ _ _ _ _ _ _ _ _ _ _ _ _ _ _ _ _ _ _ 

self = <starlette.middleware.errors.ServerErrorMiddleware object at 0x1096c3050>
scope = {'app': <fastapi.applications.FastAPI object at 0x10940b990>, 'asgi': {'version': '3.0'}, 'client': ('127.0.0.1', 123), 'endpoint': <function discover_models at 0x1095d0d60>, ...}
receive = <function ASGITransport.handle_async_request.<locals>.receive at 0x109a83060>
send = <function ASGITransport.handle_async_request.<locals>.send at 0x109a62f20>

    async def __call__(self, scope: Scope, receive: Receive, send: Send) -> None:
        if scope["type"] != "http":
            await self.app(scope, receive, send)
            return
    
        response_started = False
    
        async def _send(message: Message) -> None:
            nonlocal response_started, send
    
            if message["type"] == "http.response.start":
                response_started = True
            await send(message)
    
        try:
            await self.app(scope, receive, _send)
        except Exception as exc:
            request = Request(scope)
            if self.debug:
                # In debug mode, return traceback responses.
                response = self.debug_response(request, exc)
            elif self.handler is None:
                # Use our default 500 error handler.
                response = self.error_response(request, exc)
            else:
                # Use an installed 500 error handler.
                if is_async_callable(self.handler):
                    response = await self.handler(request, exc)
                else:
                    response = await run_in_threadpool(self.handler, request, exc)
    
            if not response_started:
                await response(scope, receive, send)
    
            # We always continue to raise the exception.
            # This allows servers to log the error, or allows test clients
            # to optionally raise the error within the test case.
>           raise exc

.venv-t003/lib/python3.11/site-packages/starlette/middleware/errors.py:186: 
_ _ _ _ _ _ _ _ _ _ _ _ _ _ _ _ _ _ _ _ _ _ _ _ _ _ _ _ _ _ _ _ _ _ _ _ _ _ _ _ 

self = <starlette.middleware.errors.ServerErrorMiddleware object at 0x1096c3050>
scope = {'app': <fastapi.applications.FastAPI object at 0x10940b990>, 'asgi': {'version': '3.0'}, 'client': ('127.0.0.1', 123), 'endpoint': <function discover_models at 0x1095d0d60>, ...}
receive = <function ASGITransport.handle_async_request.<locals>.receive at 0x109a83060>
send = <function ASGITransport.handle_async_request.<locals>.send at 0x109a62f20>

    async def __call__(self, scope: Scope, receive: Receive, send: Send) -> None:
        if scope["type"] != "http":
            await self.app(scope, receive, send)
            return
    
        response_started = False
    
        async def _send(message: Message) -> None:
            nonlocal response_started, send
    
            if message["type"] == "http.response.start":
                response_started = True
            await send(message)
    
        try:
>           await self.app(scope, receive, _send)

.venv-t003/lib/python3.11/site-packages/starlette/middleware/errors.py:164: 
_ _ _ _ _ _ _ _ _ _ _ _ _ _ _ _ _ _ _ _ _ _ _ _ _ _ _ _ _ _ _ _ _ _ _ _ _ _ _ _ 

self = <starlette.middleware.base.BaseHTTPMiddleware object at 0x1096ab5d0>
scope = {'app': <fastapi.applications.FastAPI object at 0x10940b990>, 'asgi': {'version': '3.0'}, 'client': ('127.0.0.1', 123), 'endpoint': <function discover_models at 0x1095d0d60>, ...}
receive = <function ASGITransport.handle_async_request.<locals>.receive at 0x109a83060>
send = <function ServerErrorMiddleware.__call__.<locals>._send at 0x109ab4680>

    async def __call__(self, scope: Scope, receive: Receive, send: Send) -> None:
        if scope["type"] != "http":
            await self.app(scope, receive, send)
            return
    
        request = _CachedRequest(scope, receive)
        wrapped_receive = request.wrapped_receive
        response_sent = anyio.Event()
        app_exc: Exception | None = None
        exception_already_raised = False
    
        async def call_next(request: Request) -> Response:
            async def receive_or_disconnect() -> Message:
                if response_sent.is_set():
                    return {"type": "http.disconnect"}
    
                async with anyio.create_task_group() as task_group:
    
                    async def wrap(func: Callable[[], Awaitable[T]]) -> T:
                        result = await func()
                        task_group.cancel_scope.cancel()
                        return result
    
                    task_group.start_soon(wrap, response_sent.wait)
                    message = await wrap(wrapped_receive)
    
                if response_sent.is_set():
                    return {"type": "http.disconnect"}
    
                return message
    
            async def send_no_error(message: Message) -> None:
                try:
                    await send_stream.send(message)
                except anyio.BrokenResourceError:
                    # recv_stream has been closed, i.e. response_sent has been set.
                    return
    
            async def coro() -> None:
                nonlocal app_exc
    
                with send_stream:
                    try:
                        await self.app(scope, receive_or_disconnect, send_no_error)
                    except Exception as exc:
                        app_exc = exc
    
            task_group.start_soon(coro)
    
            try:
                message = await recv_stream.receive()
                info = message.get("info", None)
                if message["type"] == "http.response.debug" and info is not None:
                    message = await recv_stream.receive()
            except anyio.EndOfStream:
                if app_exc is not None:
                    nonlocal exception_already_raised
                    exception_already_raised = True
                    # Prevent `anyio.EndOfStream` from polluting app exception context.
                    # If both cause and context are None then the context is suppressed
                    # and `anyio.EndOfStream` is not present in the exception traceback.
                    # If exception cause is not None then it is propagated with
                    # reraising here.
                    # If exception has no cause but has context set then the context is
                    # propagated as a cause with the reraise. This is necessary in order
                    # to prevent `anyio.EndOfStream` from polluting the exception
                    # context.
                    raise app_exc from app_exc.__cause__ or app_exc.__context__
                raise RuntimeError("No response returned.")
    
            assert message["type"] == "http.response.start"
    
            async def body_stream() -> BodyStreamGenerator:
                async for message in recv_stream:
                    if message["type"] == "http.response.pathsend":
                        yield message
                        break
                    assert message["type"] == "http.response.body", f"Unexpected message: {message}"
                    body = message.get("body", b"")
                    if body:
                        yield body
                    if not message.get("more_body", False):
                        break
    
            response = _StreamingResponse(status_code=message["status"], content=body_stream(), info=info)
            response.raw_headers = message["headers"]
            return response
    
        streams: anyio.create_memory_object_stream[Message] = anyio.create_memory_object_stream()
        send_stream, recv_stream = streams
>       with recv_stream, send_stream, collapse_excgroups():

.venv-t003/lib/python3.11/site-packages/starlette/middleware/base.py:191: 
_ _ _ _ _ _ _ _ _ _ _ _ _ _ _ _ _ _ _ _ _ _ _ _ _ _ _ _ _ _ _ _ _ _ _ _ _ _ _ _ 

self = <contextlib._GeneratorContextManager object at 0x109adc450>
typ = <class 'ExceptionGroup'>
value = ExceptionGroup('unhandled errors in a TaskGroup', [RuntimeError("Task <Task pending name='starlette.middleware.base.Ba..._asyncio.py:821]> got Future <Future pending cb=[BaseProtocol._on_waiter_completed()]> attached to a different loop")])
traceback = <traceback object at 0x109ba8b80>

    def __exit__(self, typ, value, traceback):
        if typ is None:
            try:
                next(self.gen)
            except StopIteration:
                return False
            else:
                raise RuntimeError("generator didn't stop")
        else:
            if value is None:
                # Need to force instantiation so we can reliably
                # tell if we get the same exception back
                value = typ()
            try:
>               self.gen.throw(typ, value, traceback)

/Library/Frameworks/Python.framework/Versions/3.11/lib/python3.11/contextlib.py:155: 
_ _ _ _ _ _ _ _ _ _ _ _ _ _ _ _ _ _ _ _ _ _ _ _ _ _ _ _ _ _ _ _ _ _ _ _ _ _ _ _ 

    @contextmanager
    def collapse_excgroups() -> Generator[None, None, None]:
        try:
            yield
        except BaseException as exc:
            if has_exceptiongroups:  # pragma: no cover
                while isinstance(exc, BaseExceptionGroup) and len(exc.exceptions) == 1:
                    exc = exc.exceptions[0]
    
>           raise exc

.venv-t003/lib/python3.11/site-packages/starlette/_utils.py:87: 
_ _ _ _ _ _ _ _ _ _ _ _ _ _ _ _ _ _ _ _ _ _ _ _ _ _ _ _ _ _ _ _ _ _ _ _ _ _ _ _ 

self = <starlette.middleware.base.BaseHTTPMiddleware object at 0x1096ab5d0>
scope = {'app': <fastapi.applications.FastAPI object at 0x10940b990>, 'asgi': {'version': '3.0'}, 'client': ('127.0.0.1', 123), 'endpoint': <function discover_models at 0x1095d0d60>, ...}
receive = <function ASGITransport.handle_async_request.<locals>.receive at 0x109a83060>
send = <function ServerErrorMiddleware.__call__.<locals>._send at 0x109ab4680>

    async def __call__(self, scope: Scope, receive: Receive, send: Send) -> None:
        if scope["type"] != "http":
            await self.app(scope, receive, send)
            return
    
        request = _CachedRequest(scope, receive)
        wrapped_receive = request.wrapped_receive
        response_sent = anyio.Event()
        app_exc: Exception | None = None
        exception_already_raised = False
    
        async def call_next(request: Request) -> Response:
            async def receive_or_disconnect() -> Message:
                if response_sent.is_set():
                    return {"type": "http.disconnect"}
    
                async with anyio.create_task_group() as task_group:
    
                    async def wrap(func: Callable[[], Awaitable[T]]) -> T:
                        result = await func()
                        task_group.cancel_scope.cancel()
                        return result
    
                    task_group.start_soon(wrap, response_sent.wait)
                    message = await wrap(wrapped_receive)
    
                if response_sent.is_set():
                    return {"type": "http.disconnect"}
    
                return message
    
            async def send_no_error(message: Message) -> None:
                try:
                    await send_stream.send(message)
                except anyio.BrokenResourceError:
                    # recv_stream has been closed, i.e. response_sent has been set.
                    return
    
            async def coro() -> None:
                nonlocal app_exc
    
                with send_stream:
                    try:
                        await self.app(scope, receive_or_disconnect, send_no_error)
                    except Exception as exc:
                        app_exc = exc
    
            task_group.start_soon(coro)
    
            try:
                message = await recv_stream.receive()
                info = message.get("info", None)
                if message["type"] == "http.response.debug" and info is not None:
                    message = await recv_stream.receive()
            except anyio.EndOfStream:
                if app_exc is not None:
                    nonlocal exception_already_raised
                    exception_already_raised = True
                    # Prevent `anyio.EndOfStream` from polluting app exception context.
                    # If both cause and context are None then the context is suppressed
                    # and `anyio.EndOfStream` is not present in the exception traceback.
                    # If exception cause is not None then it is propagated with
                    # reraising here.
                    # If exception has no cause but has context set then the context is
                    # propagated as a cause with the reraise. This is necessary in order
                    # to prevent `anyio.EndOfStream` from polluting the exception
                    # context.
                    raise app_exc from app_exc.__cause__ or app_exc.__context__
                raise RuntimeError("No response returned.")
    
            assert message["type"] == "http.response.start"
    
            async def body_stream() -> BodyStreamGenerator:
                async for message in recv_stream:
                    if message["type"] == "http.response.pathsend":
                        yield message
                        break
                    assert message["type"] == "http.response.body", f"Unexpected message: {message}"
                    body = message.get("body", b"")
                    if body:
                        yield body
                    if not message.get("more_body", False):
                        break
    
            response = _StreamingResponse(status_code=message["status"], content=body_stream(), info=info)
            response.raw_headers = message["headers"]
            return response
    
        streams: anyio.create_memory_object_stream[Message] = anyio.create_memory_object_stream()
        send_stream, recv_stream = streams
        with recv_stream, send_stream, collapse_excgroups():
            async with anyio.create_task_group() as task_group:
>               response = await self.dispatch_func(request, call_next)
                           ^^^^^^^^^^^^^^^^^^^^^^^^^^^^^^^^^^^^^^^^^^^^

.venv-t003/lib/python3.11/site-packages/starlette/middleware/base.py:193: 
_ _ _ _ _ _ _ _ _ _ _ _ _ _ _ _ _ _ _ _ _ _ _ _ _ _ _ _ _ _ _ _ _ _ _ _ _ _ _ _ 

request = <starlette.middleware.base._CachedRequest object at 0x109ac1510>
call_next = <function BaseHTTPMiddleware.__call__.<locals>.call_next at 0x109ab6340>

    @app.middleware("http")
    async def request_id_middleware(
        request: Request,
        call_next: Callable[[Request], Awaitable[Response]],
    ) -> Response:
        """Propagate or generate X-Request-ID per HTTP request.
    
        Purpose: ensure every backend log line carries a request_id field matching
        the X-Request-ID header visible to the API client, enabling end-to-end
        correlation across frontend, backend and future audit log.
    
        Params:
          request  — incoming FastAPI Request.
          call_next — next middleware/handler (FastAPI HTTP middleware callable).
        Returns: Response with X-Request-ID header added.
        Errors: any exception from call_next propagates after clearing contextvars.
        """
        request_id = request.headers.get("X-Request-ID") or uuid.uuid4().hex
        structlog.contextvars.clear_contextvars()
        structlog.contextvars.bind_contextvars(request_id=request_id)
        try:
>           response: Response = await call_next(request)
                                 ^^^^^^^^^^^^^^^^^^^^^^^^

app/main.py:99: 
_ _ _ _ _ _ _ _ _ _ _ _ _ _ _ _ _ _ _ _ _ _ _ _ _ _ _ _ _ _ _ _ _ _ _ _ _ _ _ _ 

request = <starlette.middleware.base._CachedRequest object at 0x109ac1510>

    async def call_next(request: Request) -> Response:
        async def receive_or_disconnect() -> Message:
            if response_sent.is_set():
                return {"type": "http.disconnect"}
    
            async with anyio.create_task_group() as task_group:
    
                async def wrap(func: Callable[[], Awaitable[T]]) -> T:
                    result = await func()
                    task_group.cancel_scope.cancel()
                    return result
    
                task_group.start_soon(wrap, response_sent.wait)
                message = await wrap(wrapped_receive)
    
            if response_sent.is_set():
                return {"type": "http.disconnect"}
    
            return message
    
        async def send_no_error(message: Message) -> None:
            try:
                await send_stream.send(message)
            except anyio.BrokenResourceError:
                # recv_stream has been closed, i.e. response_sent has been set.
                return
    
        async def coro() -> None:
            nonlocal app_exc
    
            with send_stream:
                try:
                    await self.app(scope, receive_or_disconnect, send_no_error)
                except Exception as exc:
                    app_exc = exc
    
        task_group.start_soon(coro)
    
        try:
            message = await recv_stream.receive()
            info = message.get("info", None)
            if message["type"] == "http.response.debug" and info is not None:
                message = await recv_stream.receive()
        except anyio.EndOfStream:
            if app_exc is not None:
                nonlocal exception_already_raised
                exception_already_raised = True
                # Prevent `anyio.EndOfStream` from polluting app exception context.
                # If both cause and context are None then the context is suppressed
                # and `anyio.EndOfStream` is not present in the exception traceback.
                # If exception cause is not None then it is propagated with
                # reraising here.
                # If exception has no cause but has context set then the context is
                # propagated as a cause with the reraise. This is necessary in order
                # to prevent `anyio.EndOfStream` from polluting the exception
                # context.
>               raise app_exc from app_exc.__cause__ or app_exc.__context__

.venv-t003/lib/python3.11/site-packages/starlette/middleware/base.py:168: 
_ _ _ _ _ _ _ _ _ _ _ _ _ _ _ _ _ _ _ _ _ _ _ _ _ _ _ _ _ _ _ _ _ _ _ _ _ _ _ _ 

    async def coro() -> None:
        nonlocal app_exc
    
        with send_stream:
            try:
>               await self.app(scope, receive_or_disconnect, send_no_error)

.venv-t003/lib/python3.11/site-packages/starlette/middleware/base.py:144: 
_ _ _ _ _ _ _ _ _ _ _ _ _ _ _ _ _ _ _ _ _ _ _ _ _ _ _ _ _ _ _ _ _ _ _ _ _ _ _ _ 

self = <starlette.middleware.exceptions.ExceptionMiddleware object at 0x109a22f90>
scope = {'app': <fastapi.applications.FastAPI object at 0x10940b990>, 'asgi': {'version': '3.0'}, 'client': ('127.0.0.1', 123), 'endpoint': <function discover_models at 0x1095d0d60>, ...}
receive = <function BaseHTTPMiddleware.__call__.<locals>.call_next.<locals>.receive_or_disconnect at 0x109ab5440>
send = <function BaseHTTPMiddleware.__call__.<locals>.call_next.<locals>.send_no_error at 0x109ab72e0>

    async def __call__(self, scope: Scope, receive: Receive, send: Send) -> None:
        if scope["type"] not in ("http", "websocket"):
            await self.app(scope, receive, send)
            return
    
        scope["starlette.exception_handlers"] = (
            self._exception_handlers,
            self._status_handlers,
        )
    
        conn: Request | WebSocket
        if scope["type"] == "http":
            conn = Request(scope, receive, send)
        else:
            conn = WebSocket(scope, receive, send)
    
>       await wrap_app_handling_exceptions(self.app, conn)(scope, receive, send)

.venv-t003/lib/python3.11/site-packages/starlette/middleware/exceptions.py:63: 
_ _ _ _ _ _ _ _ _ _ _ _ _ _ _ _ _ _ _ _ _ _ _ _ _ _ _ _ _ _ _ _ _ _ _ _ _ _ _ _ 

scope = {'app': <fastapi.applications.FastAPI object at 0x10940b990>, 'asgi': {'version': '3.0'}, 'client': ('127.0.0.1', 123), 'endpoint': <function discover_models at 0x1095d0d60>, ...}
receive = <function BaseHTTPMiddleware.__call__.<locals>.call_next.<locals>.receive_or_disconnect at 0x109ab5440>
send = <function BaseHTTPMiddleware.__call__.<locals>.call_next.<locals>.send_no_error at 0x109ab72e0>

    async def wrapped_app(scope: Scope, receive: Receive, send: Send) -> None:
        response_started = False
    
        async def sender(message: Message) -> None:
            nonlocal response_started
    
            if message["type"] == "http.response.start":
                response_started = True
            await send(message)
    
        try:
            await app(scope, receive, sender)
        except Exception as exc:
            handler = None
    
            if isinstance(exc, HTTPException):
                handler = status_handlers.get(exc.status_code)
    
            if handler is None:
                handler = _lookup_exception_handler(exception_handlers, exc)
    
            if handler is None:
>               raise exc

.venv-t003/lib/python3.11/site-packages/starlette/_exception_handler.py:53: 
_ _ _ _ _ _ _ _ _ _ _ _ _ _ _ _ _ _ _ _ _ _ _ _ _ _ _ _ _ _ _ _ _ _ _ _ _ _ _ _ 

scope = {'app': <fastapi.applications.FastAPI object at 0x10940b990>, 'asgi': {'version': '3.0'}, 'client': ('127.0.0.1', 123), 'endpoint': <function discover_models at 0x1095d0d60>, ...}
receive = <function BaseHTTPMiddleware.__call__.<locals>.call_next.<locals>.receive_or_disconnect at 0x109ab5440>
send = <function BaseHTTPMiddleware.__call__.<locals>.call_next.<locals>.send_no_error at 0x109ab72e0>

    async def wrapped_app(scope: Scope, receive: Receive, send: Send) -> None:
        response_started = False
    
        async def sender(message: Message) -> None:
            nonlocal response_started
    
            if message["type"] == "http.response.start":
                response_started = True
            await send(message)
    
        try:
>           await app(scope, receive, sender)

.venv-t003/lib/python3.11/site-packages/starlette/_exception_handler.py:42: 
_ _ _ _ _ _ _ _ _ _ _ _ _ _ _ _ _ _ _ _ _ _ _ _ _ _ _ _ _ _ _ _ _ _ _ _ _ _ _ _ 

self = <fastapi.middleware.asyncexitstack.AsyncExitStackMiddleware object at 0x1099ef390>
scope = {'app': <fastapi.applications.FastAPI object at 0x10940b990>, 'asgi': {'version': '3.0'}, 'client': ('127.0.0.1', 123), 'endpoint': <function discover_models at 0x1095d0d60>, ...}
receive = <function BaseHTTPMiddleware.__call__.<locals>.call_next.<locals>.receive_or_disconnect at 0x109ab5440>
send = <function wrap_app_handling_exceptions.<locals>.wrapped_app.<locals>.sender at 0x109aed080>

    async def __call__(self, scope: Scope, receive: Receive, send: Send) -> None:
        async with AsyncExitStack() as stack:
            scope[self.context_name] = stack
>           await self.app(scope, receive, send)

.venv-t003/lib/python3.11/site-packages/fastapi/middleware/asyncexitstack.py:18: 
_ _ _ _ _ _ _ _ _ _ _ _ _ _ _ _ _ _ _ _ _ _ _ _ _ _ _ _ _ _ _ _ _ _ _ _ _ _ _ _ 

self = <fastapi.routing.APIRouter object at 0x1096f18d0>
scope = {'app': <fastapi.applications.FastAPI object at 0x10940b990>, 'asgi': {'version': '3.0'}, 'client': ('127.0.0.1', 123), 'endpoint': <function discover_models at 0x1095d0d60>, ...}
receive = <function BaseHTTPMiddleware.__call__.<locals>.call_next.<locals>.receive_or_disconnect at 0x109ab5440>
send = <function wrap_app_handling_exceptions.<locals>.wrapped_app.<locals>.sender at 0x109aed080>

    async def __call__(self, scope: Scope, receive: Receive, send: Send) -> None:
        """
        The main entry point to the Router class.
        """
>       await self.middleware_stack(scope, receive, send)

.venv-t003/lib/python3.11/site-packages/starlette/routing.py:660: 
_ _ _ _ _ _ _ _ _ _ _ _ _ _ _ _ _ _ _ _ _ _ _ _ _ _ _ _ _ _ _ _ _ _ _ _ _ _ _ _ 

self = <fastapi.routing.APIRouter object at 0x1096f18d0>
scope = {'app': <fastapi.applications.FastAPI object at 0x10940b990>, 'asgi': {'version': '3.0'}, 'client': ('127.0.0.1', 123), 'endpoint': <function discover_models at 0x1095d0d60>, ...}
receive = <function BaseHTTPMiddleware.__call__.<locals>.call_next.<locals>.receive_or_disconnect at 0x109ab5440>
send = <function wrap_app_handling_exceptions.<locals>.wrapped_app.<locals>.sender at 0x109aed080>

    async def app(self, scope: Scope, receive: Receive, send: Send) -> None:
        assert scope["type"] in ("http", "websocket", "lifespan")
    
        if "router" not in scope:
            scope["router"] = self
    
        if scope["type"] == "lifespan":
            await self.lifespan(scope, receive, send)
            return
    
        partial = None
    
        for route in self.routes:
            # Determine if any route matches the incoming scope,
            # and hand over to the matching route if found.
            match, child_scope = route.matches(scope)
            if match == Match.FULL:
                scope.update(child_scope)
>               await route.handle(scope, receive, send)

.venv-t003/lib/python3.11/site-packages/starlette/routing.py:680: 
_ _ _ _ _ _ _ _ _ _ _ _ _ _ _ _ _ _ _ _ _ _ _ _ _ _ _ _ _ _ _ _ _ _ _ _ _ _ _ _ 

self = APIRoute(path='/api/v1/admin/ai/providers/{provider_id}/discover-models', name='discover_models', methods=['POST'])
scope = {'app': <fastapi.applications.FastAPI object at 0x10940b990>, 'asgi': {'version': '3.0'}, 'client': ('127.0.0.1', 123), 'endpoint': <function discover_models at 0x1095d0d60>, ...}
receive = <function BaseHTTPMiddleware.__call__.<locals>.call_next.<locals>.receive_or_disconnect at 0x109ab5440>
send = <function wrap_app_handling_exceptions.<locals>.wrapped_app.<locals>.sender at 0x109aed080>

    async def handle(self, scope: Scope, receive: Receive, send: Send) -> None:
        if self.methods and scope["method"] not in self.methods:
            headers = {"Allow": ", ".join(self.methods)}
            if "app" in scope:
                raise HTTPException(status_code=405, headers=headers)
            else:
                response = PlainTextResponse("Method Not Allowed", status_code=405, headers=headers)
            await response(scope, receive, send)
        else:
>           await self.app(scope, receive, send)

.venv-t003/lib/python3.11/site-packages/starlette/routing.py:276: 
_ _ _ _ _ _ _ _ _ _ _ _ _ _ _ _ _ _ _ _ _ _ _ _ _ _ _ _ _ _ _ _ _ _ _ _ _ _ _ _ 

scope = {'app': <fastapi.applications.FastAPI object at 0x10940b990>, 'asgi': {'version': '3.0'}, 'client': ('127.0.0.1', 123), 'endpoint': <function discover_models at 0x1095d0d60>, ...}
receive = <function BaseHTTPMiddleware.__call__.<locals>.call_next.<locals>.receive_or_disconnect at 0x109ab5440>
send = <function wrap_app_handling_exceptions.<locals>.wrapped_app.<locals>.sender at 0x109aed080>

    async def app(scope: Scope, receive: Receive, send: Send) -> None:
        request = Request(scope, receive, send)
    
        async def app(scope: Scope, receive: Receive, send: Send) -> None:
            # Starts customization
            response_awaited = False
            async with AsyncExitStack() as request_stack:
                scope["fastapi_inner_astack"] = request_stack
                async with AsyncExitStack() as function_stack:
                    scope["fastapi_function_astack"] = function_stack
                    response = await f(request)
                await response(scope, receive, send)
                # Continues customization
                response_awaited = True
            if not response_awaited:
                raise FastAPIError(
                    "Response not awaited. There's a high chance that the "
                    "application code is raising an exception and a dependency with yield "
                    "has a block with a bare except, or a block with except Exception, "
                    "and is not raising the exception again. Read more about it in the "
                    "docs: https://fastapi.tiangolo.com/tutorial/dependencies/dependencies-with-yield/#dependencies-with-yield-and-except"
                )
    
        # Same as in Starlette
>       await wrap_app_handling_exceptions(app, request)(scope, receive, send)

.venv-t003/lib/python3.11/site-packages/fastapi/routing.py:134: 
_ _ _ _ _ _ _ _ _ _ _ _ _ _ _ _ _ _ _ _ _ _ _ _ _ _ _ _ _ _ _ _ _ _ _ _ _ _ _ _ 

scope = {'app': <fastapi.applications.FastAPI object at 0x10940b990>, 'asgi': {'version': '3.0'}, 'client': ('127.0.0.1', 123), 'endpoint': <function discover_models at 0x1095d0d60>, ...}
receive = <function BaseHTTPMiddleware.__call__.<locals>.call_next.<locals>.receive_or_disconnect at 0x109ab5440>
send = <function wrap_app_handling_exceptions.<locals>.wrapped_app.<locals>.sender at 0x109aed080>

    async def wrapped_app(scope: Scope, receive: Receive, send: Send) -> None:
        response_started = False
    
        async def sender(message: Message) -> None:
            nonlocal response_started
    
            if message["type"] == "http.response.start":
                response_started = True
            await send(message)
    
        try:
            await app(scope, receive, sender)
        except Exception as exc:
            handler = None
    
            if isinstance(exc, HTTPException):
                handler = status_handlers.get(exc.status_code)
    
            if handler is None:
                handler = _lookup_exception_handler(exception_handlers, exc)
    
            if handler is None:
>               raise exc

.venv-t003/lib/python3.11/site-packages/starlette/_exception_handler.py:53: 
_ _ _ _ _ _ _ _ _ _ _ _ _ _ _ _ _ _ _ _ _ _ _ _ _ _ _ _ _ _ _ _ _ _ _ _ _ _ _ _ 

scope = {'app': <fastapi.applications.FastAPI object at 0x10940b990>, 'asgi': {'version': '3.0'}, 'client': ('127.0.0.1', 123), 'endpoint': <function discover_models at 0x1095d0d60>, ...}
receive = <function BaseHTTPMiddleware.__call__.<locals>.call_next.<locals>.receive_or_disconnect at 0x109ab5440>
send = <function wrap_app_handling_exceptions.<locals>.wrapped_app.<locals>.sender at 0x109aed080>

    async def wrapped_app(scope: Scope, receive: Receive, send: Send) -> None:
        response_started = False
    
        async def sender(message: Message) -> None:
            nonlocal response_started
    
            if message["type"] == "http.response.start":
                response_started = True
            await send(message)
    
        try:
>           await app(scope, receive, sender)

.venv-t003/lib/python3.11/site-packages/starlette/_exception_handler.py:42: 
_ _ _ _ _ _ _ _ _ _ _ _ _ _ _ _ _ _ _ _ _ _ _ _ _ _ _ _ _ _ _ _ _ _ _ _ _ _ _ _ 

scope = {'app': <fastapi.applications.FastAPI object at 0x10940b990>, 'asgi': {'version': '3.0'}, 'client': ('127.0.0.1', 123), 'endpoint': <function discover_models at 0x1095d0d60>, ...}
receive = <function BaseHTTPMiddleware.__call__.<locals>.call_next.<locals>.receive_or_disconnect at 0x109ab5440>
send = <function wrap_app_handling_exceptions.<locals>.wrapped_app.<locals>.sender at 0x109aeef20>

    async def app(scope: Scope, receive: Receive, send: Send) -> None:
        # Starts customization
        response_awaited = False
        async with AsyncExitStack() as request_stack:
            scope["fastapi_inner_astack"] = request_stack
            async with AsyncExitStack() as function_stack:
                scope["fastapi_function_astack"] = function_stack
>               response = await f(request)
                           ^^^^^^^^^^^^^^^^

.venv-t003/lib/python3.11/site-packages/fastapi/routing.py:120: 
_ _ _ _ _ _ _ _ _ _ _ _ _ _ _ _ _ _ _ _ _ _ _ _ _ _ _ _ _ _ _ _ _ _ _ _ _ _ _ _ 

request = <starlette.requests.Request object at 0x109adc810>

    async def app(request: Request) -> Response:
        response: Response | None = None
        file_stack = request.scope.get("fastapi_middleware_astack")
        assert isinstance(file_stack, AsyncExitStack), (
            "fastapi_middleware_astack not found in request scope"
        )
    
        # Extract endpoint context for error messages
        endpoint_ctx = (
            _extract_endpoint_context(dependant.call)
            if dependant.call
            else EndpointContext()
        )
    
        if dependant.path:
            # For mounted sub-apps, include the mount path prefix
            mount_path = request.scope.get("root_path", "").rstrip("/")
            endpoint_ctx["path"] = f"{request.method} {mount_path}{dependant.path}"
    
        # Read body and auto-close files
        try:
            body: Any = None
            if body_field:
                if is_body_form:
                    body = await request.form()
                    file_stack.push_async_callback(body.close)
                else:
                    body_bytes = await request.body()
                    if body_bytes:
                        json_body: Any = Undefined
                        content_type_value = request.headers.get("content-type")
                        if not content_type_value:
                            if not actual_strict_content_type:
                                json_body = await request.json()
                        else:
                            message = email.message.Message()
                            message["content-type"] = content_type_value
                            if message.get_content_maintype() == "application":
                                subtype = message.get_content_subtype()
                                if subtype == "json" or subtype.endswith("+json"):
                                    json_body = await request.json()
                        if json_body != Undefined:
                            body = json_body
                        else:
                            body = body_bytes
        except json.JSONDecodeError as e:
            validation_error = RequestValidationError(
                [
                    {
                        "type": "json_invalid",
                        "loc": ("body", e.pos),
                        "msg": "JSON decode error",
                        "input": {},
                        "ctx": {"error": e.msg},
                    }
                ],
                body=e.doc,
                endpoint_ctx=endpoint_ctx,
            )
            raise validation_error from e
        except HTTPException:
            # If a middleware raises an HTTPException, it should be raised again
            raise
        except Exception as e:
            http_error = HTTPException(
                status_code=400, detail="There was an error parsing the body"
            )
            raise http_error from e
    
        # Solve dependencies and run path operation function, auto-closing dependencies
        errors: list[Any] = []
        async_exit_stack = request.scope.get("fastapi_inner_astack")
        assert isinstance(async_exit_stack, AsyncExitStack), (
            "fastapi_inner_astack not found in request scope"
        )
        solved_result = await solve_dependencies(
            request=request,
            dependant=dependant,
            body=cast(dict[str, Any] | FormData | bytes | None, body),
            dependency_overrides_provider=dependency_overrides_provider,
            async_exit_stack=async_exit_stack,
            embed_body_fields=embed_body_fields,
        )
        errors = solved_result.errors
        assert dependant.call  # For types
        if not errors:
            # Shared serializer for stream items (JSONL and SSE).
            # Validates against stream_item_field when set, then
            # serializes to JSON bytes.
            def _serialize_data(data: Any) -> bytes:
                if stream_item_field:
                    value, errors_ = stream_item_field.validate(
                        data, {}, loc=("response",)
                    )
                    if errors_:
                        ctx = endpoint_ctx or EndpointContext()
                        raise ResponseValidationError(
                            errors=errors_,
                            body=data,
                            endpoint_ctx=ctx,
                        )
                    return stream_item_field.serialize_json(
                        value,
                        include=response_model_include,
                        exclude=response_model_exclude,
                        by_alias=response_model_by_alias,
                        exclude_unset=response_model_exclude_unset,
                        exclude_defaults=response_model_exclude_defaults,
                        exclude_none=response_model_exclude_none,
                    )
                else:
                    data = jsonable_encoder(data)
                    return json.dumps(data).encode("utf-8")
    
            if is_sse_stream:
                # Generator endpoint: stream as Server-Sent Events
                gen = dependant.call(**solved_result.values)
    
                def _serialize_sse_item(item: Any) -> bytes:
                    if isinstance(item, ServerSentEvent):
                        # User controls the event structure.
                        # Serialize the data payload if present.
                        # For ServerSentEvent items we skip stream_item_field
                        # validation (the user may mix types intentionally).
                        if item.raw_data is not None:
                            data_str: str | None = item.raw_data
                        elif item.data is not None:
                            if hasattr(item.data, "model_dump_json"):
                                data_str = item.data.model_dump_json()
                            else:
                                data_str = json.dumps(jsonable_encoder(item.data))
                        else:
                            data_str = None
                        return format_sse_event(
                            data_str=data_str,
                            event=item.event,
                            id=item.id,
                            retry=item.retry,
                            comment=item.comment,
                        )
                    else:
                        # Plain object: validate + serialize via
                        # stream_item_field (if set) and wrap in data field
                        return format_sse_event(
                            data_str=_serialize_data(item).decode("utf-8")
                        )
    
                if dependant.is_async_gen_callable:
                    sse_aiter: AsyncIterator[Any] = gen.__aiter__()
                else:
                    sse_aiter = iterate_in_threadpool(gen)
    
                @asynccontextmanager
                async def _sse_producer_cm() -> AsyncIterator[
                    ObjectReceiveStream[bytes]
                ]:
                    # Use a memory stream to decouple generator iteration
                    # from the keepalive timer. A producer task pulls items
                    # from the generator independently, so
                    # `anyio.fail_after` never wraps the generator's
                    # `__anext__` directly - avoiding CancelledError that
                    # would finalize the generator and also working for sync
                    # generators running in a thread pool.
                    #
                    # This context manager is entered on the request-scoped
                    # AsyncExitStack so its __aexit__ (which cancels the
                    # task group) is called by the exit stack after the
                    # streaming response completes — not by async generator
                    # finalization via GeneratorExit.
                    # Ref: https://peps.python.org/pep-0789/
                    send_stream, receive_stream = anyio.create_memory_object_stream[
                        bytes
                    ](max_buffer_size=1)
    
                    async def _producer() -> None:
                        async with send_stream:
                            async for raw_item in sse_aiter:
                                await send_stream.send(_serialize_sse_item(raw_item))
    
                    send_keepalive, receive_keepalive = (
                        anyio.create_memory_object_stream[bytes](max_buffer_size=1)
                    )
    
                    async def _keepalive_inserter() -> None:
                        """Read from the producer and forward to the output,
                        inserting keepalive comments on timeout."""
                        async with send_keepalive, receive_stream:
                            try:
                                while True:
                                    try:
                                        with anyio.fail_after(_PING_INTERVAL):
                                            data = await receive_stream.receive()
                                        await send_keepalive.send(data)
                                    except TimeoutError:
                                        await send_keepalive.send(KEEPALIVE_COMMENT)
                            except anyio.EndOfStream:
                                pass
    
                    async with anyio.create_task_group() as tg:
                        tg.start_soon(_producer)
                        tg.start_soon(_keepalive_inserter)
                        yield receive_keepalive
                        tg.cancel_scope.cancel()
    
                # Enter the SSE context manager on the request-scoped
                # exit stack. The stack outlives the streaming response,
                # so __aexit__ runs via proper structured teardown, not
                # via GeneratorExit thrown into an async generator.
                sse_receive_stream = await async_exit_stack.enter_async_context(
                    _sse_producer_cm()
                )
                # Ensure the receive stream is closed when the exit stack
                # unwinds, preventing ResourceWarning from __del__.
                async_exit_stack.push_async_callback(sse_receive_stream.aclose)
    
                async def _sse_with_checkpoints(
                    stream: ObjectReceiveStream[bytes],
                ) -> AsyncIterator[bytes]:
                    async for data in stream:
                        yield data
                        # Guarantee a checkpoint so cancellation can be
                        # delivered even when the producer is faster than
                        # the consumer and receive() never suspends.
                        await anyio.sleep(0)
    
                sse_stream_content: AsyncIterator[bytes] | Iterator[bytes] = (
                    _sse_with_checkpoints(sse_receive_stream)
                )
    
                response = StreamingResponse(
                    sse_stream_content,
                    media_type="text/event-stream",
                    background=solved_result.background_tasks,
                )
                response.headers["Cache-Control"] = "no-cache"
                # For Nginx proxies to not buffer server sent events
                response.headers["X-Accel-Buffering"] = "no"
                response.headers.raw.extend(solved_result.response.headers.raw)
            elif is_json_stream:
                # Generator endpoint: stream as JSONL
                gen = dependant.call(**solved_result.values)
    
                def _serialize_item(item: Any) -> bytes:
                    return _serialize_data(item) + b"\n"
    
                if dependant.is_async_gen_callable:
    
                    async def _async_stream_jsonl() -> AsyncIterator[bytes]:
                        async for item in gen:
                            yield _serialize_item(item)
                            # To allow for cancellation to trigger
                            # Ref: https://github.com/fastapi/fastapi/issues/14680
                            await anyio.sleep(0)
    
                    jsonl_stream_content: AsyncIterator[bytes] | Iterator[bytes] = (
                        _async_stream_jsonl()
                    )
                else:
    
                    def _sync_stream_jsonl() -> Iterator[bytes]:
                        for item in gen:  # ty: ignore[not-iterable]
                            yield _serialize_item(item)
    
                    jsonl_stream_content = _sync_stream_jsonl()
    
                response = StreamingResponse(
                    jsonl_stream_content,
                    media_type="application/jsonl",
                    background=solved_result.background_tasks,
                )
                response.headers.raw.extend(solved_result.response.headers.raw)
            elif dependant.is_async_gen_callable or dependant.is_gen_callable:
                # Raw streaming with explicit response_class (e.g. StreamingResponse)
                gen = dependant.call(**solved_result.values)
                if dependant.is_async_gen_callable:
    
                    async def _async_stream_raw(
                        async_gen: AsyncIterator[Any],
                    ) -> AsyncIterator[Any]:
                        async for chunk in async_gen:
                            yield chunk
                            # To allow for cancellation to trigger
                            # Ref: https://github.com/fastapi/fastapi/issues/14680
                            await anyio.sleep(0)
    
                    gen = _async_stream_raw(gen)
                response_args = _build_response_args(
                    status_code=status_code, solved_result=solved_result
                )
                response = actual_response_class(content=gen, **response_args)
                response.headers.raw.extend(solved_result.response.headers.raw)
            else:
>               raw_response = await run_endpoint_function(
                    dependant=dependant,
                    values=solved_result.values,
                    is_coroutine=is_coroutine,
                )

.venv-t003/lib/python3.11/site-packages/fastapi/routing.py:674: 
_ _ _ _ _ _ _ _ _ _ _ _ _ _ _ _ _ _ _ _ _ _ _ _ _ _ _ _ _ _ _ _ _ _ _ _ _ _ _ _ 

    async def run_endpoint_function(
        *, dependant: Dependant, values: dict[str, Any], is_coroutine: bool
    ) -> Any:
        # Only called by get_request_handler. Has been split into its own function to
        # facilitate profiling endpoints, since inner functions are harder to profile.
        assert dependant.call is not None, "dependant.call must be a function"
    
        if is_coroutine:
>           return await dependant.call(**values)
                   ^^^^^^^^^^^^^^^^^^^^^^^^^^^^^^

.venv-t003/lib/python3.11/site-packages/fastapi/routing.py:328: 
_ _ _ _ _ _ _ _ _ _ _ _ _ _ _ _ _ _ _ _ _ _ _ _ _ _ _ _ _ _ _ _ _ _ _ _ _ _ _ _ 

provider_id = UUID('fdea220a-6b40-4d7c-9a6b-d174b1cb4218')
_token = 'dev-admin-test'
session = <sqlalchemy.ext.asyncio.session.AsyncSession object at 0x109addd50>

    @router.post(
        "/providers/{provider_id}/discover-models",
        response_model=DiscoverModelsResponse,
        status_code=status.HTTP_200_OK,
        summary="Discover models from an AI provider",
        description=(
            "Call the provider's model-list endpoint, reconcile results against "
            "the ai_models catalog, insert new rows with auto_discovered=True, and "
            "return a diff {added, existing, skipped, total_seen}. "
            "Admin-only (P00 stub: requires 'Bearer dev-admin-' token)."
        ),
    )
    async def discover_models(
        provider_id: uuid.UUID,
        _token: str = Depends(require_admin),
        session: AsyncSession = Depends(get_session),
    ) -> DiscoverModelsResponse:
        """POST /providers/{provider_id}/discover-models — main handler.
    
        Purpose: HTTP layer for the discover-models use case. Delegates to
        service.discover_models() and maps typed domain errors to HTTP status codes.
    
        Params:
          provider_id — UUID path param for the ai_providers row.
          _token      — validated admin token (from require_admin dependency; not used directly).
          session     — SQLAlchemy async session (from get_session dependency).
        Returns: DiscoverModelsResponse (§6.2 envelope: { data: DiscoverModelsData }).
        Raises:
          HTTP 404 — provider_id not found.
          HTTP 422 — unsupported provider_type (FastAPI also 422s bad UUIDs automatically).
          HTTP 502 — upstream provider call failed, no credential, or decrypt error.
        """
        try:
>           data = await service.discover_models(session=session, provider_id=provider_id)
                   ^^^^^^^^^^^^^^^^^^^^^^^^^^^^^^^^^^^^^^^^^^^^^^^^^^^^^^^^^^^^^^^^^^^^^^^

app/features/admin_ai/routes.py:88: 
_ _ _ _ _ _ _ _ _ _ _ _ _ _ _ _ _ _ _ _ _ _ _ _ _ _ _ _ _ _ _ _ _ _ _ _ _ _ _ _ 

session = <sqlalchemy.ext.asyncio.session.AsyncSession object at 0x109addd50>
provider_id = UUID('fdea220a-6b40-4d7c-9a6b-d174b1cb4218')

    async def discover_models(
        session: AsyncSession,
        provider_id: uuid.UUID,
    ) -> DiscoverModelsData:
        """Discover models from an AI provider and reconcile against the catalog.
    
        Business rule (ADR-001):
          1. Fetch provider record → ProviderNotFoundError if missing.
          2. Fetch active credential → MissingCredentialError if none.
          3. Decrypt credential → CryptoError if tampered/wrong key.
          4. Dispatch to provider-specific HTTP client → UpstreamProviderError on failure.
          5. Normalise model list; build skipped list for invalid entries.
          6. Upsert new rows into ai_models (auto_discovered=True).
          7. Append audit_log row.
          8. Return DiscoverModelsData diff.
    
        Side effects: inserts into ai_models + audit_logs (session not committed here).
    
        Params:
          session     — SQLAlchemy async session from FastAPI get_session dependency.
          provider_id — UUID of the ai_providers row to query.
        Returns: DiscoverModelsData with added/existing/skipped/total_seen.
        Raises:
          ProviderNotFoundError    — if provider_id does not exist (→ HTTP 404).
          MissingCredentialError   — if no active credential is configured (→ HTTP 502).
          CryptoError              — if decryption fails (→ HTTP 502).
          UnsupportedProviderError — if provider_type is unknown (→ HTTP 422).
          UpstreamProviderError    — if the remote call fails (→ HTTP 502).
    
        Logging: BEFORE (provider_id, request_id) AFTER (added, existing, total_seen, ms).
        Security: credential plaintext lives only in this function scope, never logged.
        """
        # Grab request_id from structlog contextvars (bound by request_id_middleware)
        context = structlog.contextvars.get_contextvars()
        request_id = context.get("request_id", "")
        t_start = time.monotonic()
    
        _logger.info(
            "discover_models BEFORE",
            provider_id=str(provider_id),
            request_id=request_id,
        )
    
        # Step 1 — fetch provider
>       provider = await repo.fetch_provider(session, provider_id)
                   ^^^^^^^^^^^^^^^^^^^^^^^^^^^^^^^^^^^^^^^^^^^^^^^

app/features/admin_ai/service.py:143: 
_ _ _ _ _ _ _ _ _ _ _ _ _ _ _ _ _ _ _ _ _ _ _ _ _ _ _ _ _ _ _ _ _ _ _ _ _ _ _ _ 

session = <sqlalchemy.ext.asyncio.session.AsyncSession object at 0x109addd50>
provider_id = UUID('fdea220a-6b40-4d7c-9a6b-d174b1cb4218')

    async def fetch_provider(
        session: AsyncSession,
        provider_id: uuid.UUID,
    ) -> AiProvider | None:
        """Fetch an AiProvider row by primary key.
    
        Purpose: look up the provider record before making a remote call.
        Params:
          session     — SQLAlchemy async session (from FastAPI get_session).
          provider_id — UUID primary key.
        Returns: AiProvider ORM instance, or None if not found.
        Raises: sqlalchemy.exc.SQLAlchemyError on DB error (propagated to caller).
        """
        _logger.debug("BEFORE fetch_provider", provider_id=str(provider_id))
>       result = await session.execute(
            sa.select(AiProvider).where(AiProvider.id == provider_id)
        )

app/features/admin_ai/repository.py:68: 
_ _ _ _ _ _ _ _ _ _ _ _ _ _ _ _ _ _ _ _ _ _ _ _ _ _ _ _ _ _ _ _ _ _ _ _ _ _ _ _ 

self = <sqlalchemy.ext.asyncio.session.AsyncSession object at 0x109addd50>
statement = <sqlalchemy.sql.selectable.Select object at 0x109a48110>
params = None, execution_options = immutabledict({'prebuffer_rows': True})
bind_arguments = None, kw = {}

    async def execute(
        self,
        statement: Executable,
        params: Optional[_CoreAnyExecuteParams] = None,
        *,
        execution_options: OrmExecuteOptionsParameter = util.EMPTY_DICT,
        bind_arguments: Optional[_BindArguments] = None,
        **kw: Any,
    ) -> Result[Any]:
        """Execute a statement and return a buffered
        :class:`_engine.Result` object.
    
        .. seealso::
    
            :meth:`_orm.Session.execute` - main documentation for execute
    
        """
    
        if execution_options:
            execution_options = util.immutabledict(execution_options).union(
                _EXECUTE_OPTIONS
            )
        else:
            execution_options = _EXECUTE_OPTIONS
    
>       result = await greenlet_spawn(
            self.sync_session.execute,
            statement,
            params=params,
            execution_options=execution_options,
            bind_arguments=bind_arguments,
            **kw,
        )

.venv-t003/lib/python3.11/site-packages/sqlalchemy/ext/asyncio/session.py:449: 
_ _ _ _ _ _ _ _ _ _ _ _ _ _ _ _ _ _ _ _ _ _ _ _ _ _ _ _ _ _ _ _ _ _ _ _ _ _ _ _ 

fn = <bound method Session.execute of <sqlalchemy.orm.session.Session object at 0x109adcbd0>>
_require_await = False
args = (<sqlalchemy.sql.selectable.Select object at 0x109a48110>,)
kwargs = {'bind_arguments': None, 'execution_options': immutabledict({'prebuffer_rows': True}), 'params': None}
context = <_AsyncIoGreenlet object at 0x109a4af40 (otid=0x600003a0ab80) dead>
switch_occurred = True
result = <Future finished exception=RuntimeError('Event loop is closed')>

    async def greenlet_spawn(
        fn: Callable[..., _T],
        *args: Any,
        _require_await: bool = False,
        **kwargs: Any,
    ) -> _T:
        """Runs a sync function ``fn`` in a new greenlet.
    
        The sync function can then use :func:`await_only` to wait for async
        functions.
    
        :param fn: The sync callable to call.
        :param \\*args: Positional arguments to pass to the ``fn`` callable.
        :param \\*\\*kwargs: Keyword arguments to pass to the ``fn`` callable.
        """
    
        result: Any
        context = _AsyncIoGreenlet(fn, getcurrent())
        # runs the function synchronously in gl greenlet. If the execution
        # is interrupted by await_only, context is not dead and result is a
        # coroutine to wait. If the context is dead the function has
        # returned, and its result can be returned.
        switch_occurred = False
        result = context.switch(*args, **kwargs)
        while not context.dead:
            switch_occurred = True
            try:
                # wait for a coroutine from await_only and then return its
                # result back to it.
                value = await result
            except BaseException:
                # this allows an exception to be raised within
                # the moderated greenlet so that it can continue
                # its expected flow.
>               result = context.throw(*sys.exc_info())
                         ^^^^^^^^^^^^^^^^^^^^^^^^^^^^^^

.venv-t003/lib/python3.11/site-packages/sqlalchemy/util/_concurrency_py3k.py:201: 
_ _ _ _ _ _ _ _ _ _ _ _ _ _ _ _ _ _ _ _ _ _ _ _ _ _ _ _ _ _ _ _ _ _ _ _ _ _ _ _ 

self = <sqlalchemy.orm.session.Session object at 0x109adcbd0>
statement = <sqlalchemy.sql.selectable.Select object at 0x109a48110>
params = None

    def execute(
        self,
        statement: Executable,
        params: Optional[_CoreAnyExecuteParams] = None,
        *,
        execution_options: OrmExecuteOptionsParameter = util.EMPTY_DICT,
        bind_arguments: Optional[_BindArguments] = None,
        _parent_execute_state: Optional[Any] = None,
        _add_event: Optional[Any] = None,
    ) -> Result[Any]:
        r"""Execute a SQL expression construct.
    
        Returns a :class:`_engine.Result` object representing
        results of the statement execution.
    
        E.g.::
    
            from sqlalchemy import select
    
            result = session.execute(select(User).where(User.id == 5))
    
        The API contract of :meth:`_orm.Session.execute` is similar to that
        of :meth:`_engine.Connection.execute`, the :term:`2.0 style` version
        of :class:`_engine.Connection`.
    
        .. versionchanged:: 1.4 the :meth:`_orm.Session.execute` method is
           now the primary point of ORM statement execution when using
           :term:`2.0 style` ORM usage.
    
        :param statement:
            An executable statement (i.e. an :class:`.Executable` expression
            such as :func:`_expression.select`).
    
        :param params:
            Optional dictionary, or list of dictionaries, containing
            bound parameter values.   If a single dictionary, single-row
            execution occurs; if a list of dictionaries, an
            "executemany" will be invoked.  The keys in each dictionary
            must correspond to parameter names present in the statement.
    
        :param execution_options: optional dictionary of execution options,
         which will be associated with the statement execution.  This
         dictionary can provide a subset of the options that are accepted
         by :meth:`_engine.Connection.execution_options`, and may also
         provide additional options understood only in an ORM context.
    
         .. seealso::
    
            :ref:`orm_queryguide_execution_options` - ORM-specific execution
            options
    
        :param bind_arguments: dictionary of additional arguments to determine
         the bind.  May include "mapper", "bind", or other custom arguments.
         Contents of this dictionary are passed to the
         :meth:`.Session.get_bind` method.
    
        :return: a :class:`_engine.Result` object.
    
    
        """
>       return self._execute_internal(
            statement,
            params,
            execution_options=execution_options,
            bind_arguments=bind_arguments,
            _parent_execute_state=_parent_execute_state,
            _add_event=_add_event,
        )

.venv-t003/lib/python3.11/site-packages/sqlalchemy/orm/session.py:2351: 
_ _ _ _ _ _ _ _ _ _ _ _ _ _ _ _ _ _ _ _ _ _ _ _ _ _ _ _ _ _ _ _ _ _ _ _ _ _ _ _ 

self = <sqlalchemy.orm.session.Session object at 0x109adcbd0>
statement = <sqlalchemy.sql.selectable.Select object at 0x109a48110>
params = None

    def _execute_internal(
        self,
        statement: Executable,
        params: Optional[_CoreAnyExecuteParams] = None,
        *,
        execution_options: OrmExecuteOptionsParameter = util.EMPTY_DICT,
        bind_arguments: Optional[_BindArguments] = None,
        _parent_execute_state: Optional[Any] = None,
        _add_event: Optional[Any] = None,
        _scalar_result: bool = False,
    ) -> Any:
        statement = coercions.expect(roles.StatementRole, statement)
    
        if not bind_arguments:
            bind_arguments = {}
        else:
            bind_arguments = dict(bind_arguments)
    
        if (
            statement._propagate_attrs.get("compile_state_plugin", None)
            == "orm"
        ):
            compile_state_cls = CompileState._get_plugin_class_for_plugin(
                statement, "orm"
            )
            if TYPE_CHECKING:
                assert isinstance(
                    compile_state_cls, context.AbstractORMCompileState
                )
        else:
            compile_state_cls = None
            bind_arguments.setdefault("clause", statement)
    
        execution_options = util.coerce_to_immutabledict(execution_options)
    
        if _parent_execute_state:
            events_todo = _parent_execute_state._remaining_events()
        else:
            events_todo = self.dispatch.do_orm_execute
            if _add_event:
                events_todo = list(events_todo) + [_add_event]
    
        if events_todo:
            if compile_state_cls is not None:
                # for event handlers, do the orm_pre_session_exec
                # pass ahead of the event handlers, so that things like
                # .load_options, .update_delete_options etc. are populated.
                # is_pre_event=True allows the hook to hold off on things
                # it doesn't want to do twice, including autoflush as well
                # as "pre fetch" for DML, etc.
                (
                    statement,
                    execution_options,
                ) = compile_state_cls.orm_pre_session_exec(
                    self,
                    statement,
                    params,
                    execution_options,
                    bind_arguments,
                    True,
                )
    
            orm_exec_state = ORMExecuteState(
                self,
                statement,
                params,
                execution_options,
                bind_arguments,
                compile_state_cls,
                events_todo,
            )
            for idx, fn in enumerate(events_todo):
                orm_exec_state._starting_event_idx = idx
                fn_result: Optional[Result[Any]] = fn(orm_exec_state)
                if fn_result:
                    if _scalar_result:
                        return fn_result.scalar()
                    else:
                        return fn_result
    
            statement = orm_exec_state.statement
            execution_options = orm_exec_state.local_execution_options
    
        if compile_state_cls is not None:
            # now run orm_pre_session_exec() "for real".   if there were
            # event hooks, this will re-run the steps that interpret
            # new execution_options into load_options / update_delete_options,
            # which we assume the event hook might have updated.
            # autoflush will also be invoked in this step if enabled.
            (
                statement,
                execution_options,
            ) = compile_state_cls.orm_pre_session_exec(
                self,
                statement,
                params,
                execution_options,
                bind_arguments,
                False,
            )
    
        bind = self.get_bind(**bind_arguments)
    
>       conn = self._connection_for_bind(bind)
               ^^^^^^^^^^^^^^^^^^^^^^^^^^^^^^^

.venv-t003/lib/python3.11/site-packages/sqlalchemy/orm/session.py:2239: 
_ _ _ _ _ _ _ _ _ _ _ _ _ _ _ _ _ _ _ _ _ _ _ _ _ _ _ _ _ _ _ _ _ _ _ _ _ _ _ _ 

self = <sqlalchemy.orm.session.Session object at 0x109adcbd0>
engine = Engine(postgresql+asyncpg://hilopeople:***@localhost:5433/hilopeople_dev)
execution_options = None, kw = {}
trans = <sqlalchemy.orm.session.SessionTransaction object at 0x1099ddbd0>

    def _connection_for_bind(
        self,
        engine: _SessionBind,
        execution_options: Optional[CoreExecuteOptionsParameter] = None,
        **kw: Any,
    ) -> Connection:
        TransactionalContext._trans_ctx_check(self)
    
        trans = self._transaction
        if trans is None:
            trans = self._autobegin_t()
>       return trans._connection_for_bind(engine, execution_options)
               ^^^^^^^^^^^^^^^^^^^^^^^^^^^^^^^^^^^^^^^^^^^^^^^^^^^^^

[...]
                        # connection record has been checked in, so that
                        # if the del triggers a finalize fairy, it won't
                        # try to checkin a second time.
                        del fairy
    
                    # never called, this is for code linters
                    raise
    
                attempts -= 1
            except BaseException as be_outer:
>               with util.safe_reraise():

.venv-t003/lib/python3.11/site-packages/sqlalchemy/pool/base.py:1371: 
_ _ _ _ _ _ _ _ _ _ _ _ _ _ _ _ _ _ _ _ _ _ _ _ _ _ _ _ _ _ _ _ _ _ _ _ _ _ _ _ 

self = <sqlalchemy.util.langhelpers.safe_reraise object at 0x10bcd2380>
type_ = None, value = None, traceback = None

    def __exit__(
        self,
        type_: Optional[Type[BaseException]],
        value: Optional[BaseException],
        traceback: Optional[types.TracebackType],
    ) -> NoReturn:
        assert self._exc_info is not None
        # see #2703 for notes
        if type_ is None:
            exc_type, exc_value, exc_tb = self._exc_info
            assert exc_value is not None
            self._exc_info = None  # remove potential circular references
>           raise exc_value.with_traceback(exc_tb)

.venv-t003/lib/python3.11/site-packages/sqlalchemy/util/langhelpers.py:121: 
_ _ _ _ _ _ _ _ _ _ _ _ _ _ _ _ _ _ _ _ _ _ _ _ _ _ _ _ _ _ _ _ _ _ _ _ _ _ _ _ 

cls = <class 'sqlalchemy.pool.base._ConnectionFairy'>
pool = <sqlalchemy.pool.impl.AsyncAdaptedQueuePool object at 0x109a8f410>
threadconns = None

    @classmethod
    def _checkout(
        cls,
        pool: Pool,
        threadconns: Optional[threading.local] = None,
        fairy: Optional[_ConnectionFairy] = None,
    ) -> _ConnectionFairy:
        if not fairy:
            fairy = _ConnectionRecord.checkout(pool)
    
            if threadconns is not None:
                threadconns.current = weakref.ref(fairy)
    
        assert (
            fairy._connection_record is not None
        ), "can't 'checkout' a detached connection fairy"
        assert (
            fairy.dbapi_connection is not None
        ), "can't 'checkout' an invalidated connection fairy"
    
        fairy._counter += 1
        if (
            not pool.dispatch.checkout and not pool._pre_ping
        ) or fairy._counter != 1:
            return fairy
    
        # Pool listeners can trigger a reconnection on checkout, as well
        # as the pre-pinger.
        # there are three attempts made here, but note that if the database
        # is not accessible from a connection standpoint, those won't proceed
        # here.
    
        attempts = 2
    
        while attempts > 0:
            connection_is_fresh = fairy._connection_record.fresh
            fairy._connection_record.fresh = False
            try:
                if pool._pre_ping:
                    if not connection_is_fresh:
                        if fairy._echo:
                            pool.logger.debug(
                                "Pool pre-ping on connection %s",
                                fairy.dbapi_connection,
                            )
>                       result = pool._dialect._do_ping_w_event(
                            fairy.dbapi_connection
                        )

.venv-t003/lib/python3.11/site-packages/sqlalchemy/pool/base.py:1309: 
_ _ _ _ _ _ _ _ _ _ _ _ _ _ _ _ _ _ _ _ _ _ _ _ _ _ _ _ _ _ _ _ _ _ _ _ _ _ _ _ 

self = <sqlalchemy.dialects.postgresql.asyncpg.PGDialect_asyncpg object at 0x109a8fbd0>
dbapi_connection = <AdaptedConnection <asyncpg.connection.Connection object at 0x10afd8c70>>

    def _do_ping_w_event(self, dbapi_connection: DBAPIConnection) -> bool:
        try:
>           return self.do_ping(dbapi_connection)
                   ^^^^^^^^^^^^^^^^^^^^^^^^^^^^^^

.venv-t003/lib/python3.11/site-packages/sqlalchemy/engine/default.py:729: 
_ _ _ _ _ _ _ _ _ _ _ _ _ _ _ _ _ _ _ _ _ _ _ _ _ _ _ _ _ _ _ _ _ _ _ _ _ _ _ _ 

self = <sqlalchemy.dialects.postgresql.asyncpg.PGDialect_asyncpg object at 0x109a8fbd0>
dbapi_connection = <AdaptedConnection <asyncpg.connection.Connection object at 0x10afd8c70>>

    def do_ping(self, dbapi_connection):
>       dbapi_connection.ping()

.venv-t003/lib/python3.11/site-packages/sqlalchemy/dialects/postgresql/asyncpg.py:1160: 
_ _ _ _ _ _ _ _ _ _ _ _ _ _ _ _ _ _ _ _ _ _ _ _ _ _ _ _ _ _ _ _ _ _ _ _ _ _ _ _ 

self = <AdaptedConnection <asyncpg.connection.Connection object at 0x10afd8c70>>

    def ping(self):
        try:
            _ = self.await_(self._async_ping())
        except Exception as error:
>           self._handle_exception(error)

.venv-t003/lib/python3.11/site-packages/sqlalchemy/dialects/postgresql/asyncpg.py:818: 
_ _ _ _ _ _ _ _ _ _ _ _ _ _ _ _ _ _ _ _ _ _ _ _ _ _ _ _ _ _ _ _ _ _ _ _ _ _ _ _ 

self = <AdaptedConnection <asyncpg.connection.Connection object at 0x10afd8c70>>
error = RuntimeError("Task <Task pending name='starlette.middleware.base.BaseHTTPMiddleware.__call__.<locals>.call_next.<local...s/_asyncio.py:821]> got Future <Future pending cb=[BaseProtocol._on_waiter_completed()]> attached to a different loop")

    def _handle_exception(self, error):
        if self._connection.is_closed():
            self._transaction = None
            self._started = False
    
        if not isinstance(error, AsyncAdapt_asyncpg_dbapi.Error):
            exception_mapping = self.dbapi._asyncpg_error_translate
    
            for super_ in type(error).__mro__:
                if super_ in exception_mapping:
                    translated_error = exception_mapping[super_](
                        "%s: %s" % (type(error), error)
                    )
                    translated_error.pgcode = translated_error.sqlstate = (
                        getattr(error, "sqlstate", None)
                    )
                    raise translated_error from error
            else:
>               raise error

.venv-t003/lib/python3.11/site-packages/sqlalchemy/dialects/postgresql/asyncpg.py:799: 
_ _ _ _ _ _ _ _ _ _ _ _ _ _ _ _ _ _ _ _ _ _ _ _ _ _ _ _ _ _ _ _ _ _ _ _ _ _ _ _ 

self = <AdaptedConnection <asyncpg.connection.Connection object at 0x10afd8c70>>

    def ping(self):
        try:
>           _ = self.await_(self._async_ping())
                ^^^^^^^^^^^^^^^^^^^^^^^^^^^^^^^

.venv-t003/lib/python3.11/site-packages/sqlalchemy/dialects/postgresql/asyncpg.py:816: 
_ _ _ _ _ _ _ _ _ _ _ _ _ _ _ _ _ _ _ _ _ _ _ _ _ _ _ _ _ _ _ _ _ _ _ _ _ _ _ _ 

awaitable = <coroutine object AsyncAdapt_asyncpg_connection._async_ping at 0x109a6c120>

    def await_only(awaitable: Awaitable[_T]) -> _T:
        """Awaits an async function in a sync method.
    
        The sync method must be inside a :func:`greenlet_spawn` context.
        :func:`await_only` calls cannot be nested.
    
        :param awaitable: The coroutine to call.
    
        """
        # this is called in the context greenlet while running fn
        current = getcurrent()
        if not getattr(current, "__sqlalchemy_greenlet_provider__", False):
            _safe_cancel_awaitable(awaitable)
    
            raise exc.MissingGreenlet(
                "greenlet_spawn has not been called; can't call await_only() "
                "here. Was IO attempted in an unexpected place?"
            )
    
        # returns the control to the driver greenlet passing it
        # a coroutine to run. Once the awaitable is done, the driver greenlet
        # switches back to this greenlet with the result of awaitable that is
        # then returned to the caller (or raised as error)
>       return current.parent.switch(awaitable)  # type: ignore[no-any-return,attr-defined] # noqa: E501
               ^^^^^^^^^^^^^^^^^^^^^^^^^^^^^^^^

.venv-t003/lib/python3.11/site-packages/sqlalchemy/util/_concurrency_py3k.py:132: 
_ _ _ _ _ _ _ _ _ _ _ _ _ _ _ _ _ _ _ _ _ _ _ _ _ _ _ _ _ _ _ _ _ _ _ _ _ _ _ _ 

fn = <bound method Session.execute of <sqlalchemy.orm.session.Session object at 0x10bd52290>>
_require_await = False
args = (<sqlalchemy.sql.selectable.Select object at 0x10bd52b50>,)
kwargs = {'bind_arguments': None, 'execution_options': immutabledict({'prebuffer_rows': True}), 'params': None}
context = <_AsyncIoGreenlet object at 0x10bd526c0 (otid=0x600003a0ab80) dead>
switch_occurred = True
result = <Future finished exception=RuntimeError('Event loop is closed')>

    async def greenlet_spawn(
        fn: Callable[..., _T],
        *args: Any,
        _require_await: bool = False,
        **kwargs: Any,
    ) -> _T:
        """Runs a sync function ``fn`` in a new greenlet.
    
        The sync function can then use :func:`await_only` to wait for async
        functions.
    
        :param fn: The sync callable to call.
        :param \\*args: Positional arguments to pass to the ``fn`` callable.
        :param \\*\\*kwargs: Keyword arguments to pass to the ``fn`` callable.
        """
    
        result: Any
        context = _AsyncIoGreenlet(fn, getcurrent())
        # runs the function synchronously in gl greenlet. If the execution
        # is interrupted by await_only, context is not dead and result is a
        # coroutine to wait. If the context is dead the function has
        # returned, and its result can be returned.
        switch_occurred = False
        result = context.switch(*args, **kwargs)
        while not context.dead:
            switch_occurred = True
            try:
                # wait for a coroutine from await_only and then return its
                # result back to it.
>               value = await result
                        ^^^^^^^^^^^^

.venv-t003/lib/python3.11/site-packages/sqlalchemy/util/_concurrency_py3k.py:196: 
_ _ _ _ _ _ _ _ _ _ _ _ _ _ _ _ _ _ _ _ _ _ _ _ _ _ _ _ _ _ _ _ _ _ _ _ _ _ _ _ 

self = <AdaptedConnection <asyncpg.connection.Connection object at 0x10afd8c70>>

    async def _async_ping(self):
        if self._transaction is None and self.isolation_level != "autocommit":
            # create a transaction explicitly to support pgbouncer
            # transaction mode.   See #10226
            tr = self._connection.transaction()
>           await tr.start()

.venv-t003/lib/python3.11/site-packages/sqlalchemy/dialects/postgresql/asyncpg.py:825: 
_ _ _ _ _ _ _ _ _ _ _ _ _ _ _ _ _ _ _ _ _ _ _ _ _ _ _ _ _ _ _ _ _ _ _ _ _ _ _ _ 

self = <asyncpg.Transaction state:failed 0x10c4319a0>

    @connresource.guarded
    async def start(self):
        """Enter the transaction or savepoint block."""
        self.__check_state_base('start')
/Users/sergiolr/Desktop/Productos/React-Python-Login-Admin/backend/.venv-t003/lib/python3.11/site-packages/_pytest/unraisableexception.py:33: RuntimeWarning: coroutine 'Connection._cancel' was never awaited
  gc.collect()
RuntimeWarning: Enable tracemalloc to get the object allocation traceback
        if self._state is TransactionState.STARTED:
            raise apg_errors.InterfaceError(
                'cannot start; the transaction is already started')
    
        con = self._connection
    
        if con._top_xact is None:
            if con._protocol.is_in_transaction():
                raise apg_errors.InterfaceError(
                    'cannot use Connection.transaction() in '
                    'a manually started transaction')
            con._top_xact = self
        else:
            # Nested transaction block
            if self._isolation:
                top_xact_isolation = con._top_xact._isolation
                if top_xact_isolation is None:
                    top_xact_isolation = ISOLATION_LEVELS_BY_VALUE[
                        await self._connection.fetchval(
                            'SHOW transaction_isolation;')]
                if self._isolation != top_xact_isolation:
                    raise apg_errors.InterfaceError(
                        'nested transaction has a different isolation level: '
                        'current {!r} != outer {!r}'.format(
                            self._isolation, top_xact_isolation))
            self._nested = True
    
        if self._nested:
            self._id = con._get_unique_id('savepoint')
            query = 'SAVEPOINT {};'.format(self._id)
        else:
            query = 'BEGIN'
            if self._isolation == 'read_committed':
                query += ' ISOLATION LEVEL READ COMMITTED'
            elif self._isolation == 'read_uncommitted':
                query += ' ISOLATION LEVEL READ UNCOMMITTED'
            elif self._isolation == 'repeatable_read':
                query += ' ISOLATION LEVEL REPEATABLE READ'
            elif self._isolation == 'serializable':
                query += ' ISOLATION LEVEL SERIALIZABLE'
            if self._readonly:
                query += ' READ ONLY'
            if self._deferrable:
                query += ' DEFERRABLE'
            query += ';'
    
        try:
>           await self._connection.execute(query)

.venv-t003/lib/python3.11/site-packages/asyncpg/transaction.py:146: 
_ _ _ _ _ _ _ _ _ _ _ _ _ _ _ _ _ _ _ _ _ _ _ _ _ _ _ _ _ _ _ _ _ _ _ _ _ _ _ _ 

self = <asyncpg.connection.Connection object at 0x10afd8c70>, query = 'BEGIN;'
timeout = None, args = ()

    async def execute(
        self,
        query: str,
        *args,
        timeout: typing.Optional[float]=None,
    ) -> str:
        """Execute an SQL command (or commands).
    
        This method can execute many SQL commands at once, when no arguments
        are provided.
    
        Example:
    
        .. code-block:: pycon
    
            >>> await con.execute('''
            ...     CREATE TABLE mytab (a int);
            ...     INSERT INTO mytab (a) VALUES (100), (200), (300);
            ... ''')
            INSERT 0 3
    
            >>> await con.execute('''
            ...     INSERT INTO mytab (a) VALUES ($1), ($2)
            ... ''', 10, 20)
            INSERT 0 2
    
        :param args: Query arguments.
        :param float timeout: Optional timeout value in seconds.
        :return str: Status of the last SQL command.
    
        .. versionchanged:: 0.5.4
           Made it possible to pass query arguments.
        """
        self._check_open()
    
        if not args:
            if self._query_loggers:
                with self._time_and_log(query, args, timeout):
                    result = await self._protocol.query(query, timeout)
            else:
>               result = await self._protocol.query(query, timeout)
                         ^^^^^^^^^^^^^^^^^^^^^^^^^^^^^^^^^^^^^^^^^^

.venv-t003/lib/python3.11/site-packages/asyncpg/connection.py:354: 
_ _ _ _ _ _ _ _ _ _ _ _ _ _ _ _ _ _ _ _ _ _ _ _ _ _ _ _ _ _ _ _ _ _ _ _ _ _ _ _ 

>   ???
E   RuntimeError: Task <Task pending name='starlette.middleware.base.BaseHTTPMiddleware.__call__.<locals>.call_next.<locals>.coro' coro=<BaseHTTPMiddleware.__call__.<locals>.call_next.<locals>.coro() running at /Users/sergiolr/Desktop/Productos/React-Python-Login-Admin/backend/.venv-t003/lib/python3.11/site-packages/starlette/middleware/base.py:144> cb=[TaskGroup._spawn.<locals>.task_done() at /Users/sergiolr/Desktop/Productos/React-Python-Login-Admin/backend/.venv-t003/lib/python3.11/site-packages/anyio/_backends/_asyncio.py:821]> got Future <Future pending cb=[BaseProtocol._on_waiter_completed()]> attached to a different loop

asyncpg/protocol/protocol.pyx:369: RuntimeError
----------------------------- Captured stdout call -----------------------------
{"event": "Exception terminating connection <AdaptedConnection <asyncpg.connection.Connection object at 0x10afd8c70>>", "exc_info": ["<class 'RuntimeError'>", "RuntimeError('Event loop is closed')", "<traceback object at 0x10bd51900>"], "request_id": "6b489b32-4c7b-46e6-bbfa-532fefbe74f9", "level": "error", "logger": "sqlalchemy.pool.impl.AsyncAdaptedQueuePool", "timestamp": "2026-05-10T10:46:22.462862Z"}
{"event": "ERROR get_session: rolling back transaction", "request_id": "6b489b32-4c7b-46e6-bbfa-532fefbe74f9", "level": "warning", "logger": "app.core.db", "timestamp": "2026-05-10T10:46:22.463412Z"}
{"request_id": "6b489b32-4c7b-46e6-bbfa-532fefbe74f9", "event": "ERROR request_id_middleware: unhandled exception", "level": "warning", "logger": "app.main", "timestamp": "2026-05-10T10:46:22.463671Z"}
------------------------------ Captured log call -------------------------------
ERROR    sqlalchemy.pool.impl.AsyncAdaptedQueuePool:base.py:377 Exception terminating connection <AdaptedConnection <asyncpg.connection.Connection object at 0x10afd8c70>>
Traceback (most recent call last):
  File "/Users/sergiolr/Desktop/Productos/React-Python-Login-Admin/backend/.venv-t003/lib/python3.11/site-packages/sqlalchemy/pool/base.py", line 373, in _close_connection
    self._dialect.do_terminate(connection)
  File "/Users/sergiolr/Desktop/Productos/React-Python-Login-Admin/backend/.venv-t003/lib/python3.11/site-packages/sqlalchemy/dialects/postgresql/asyncpg.py", line 1127, in do_terminate
    dbapi_connection.terminate()
  File "/Users/sergiolr/Desktop/Productos/React-Python-Login-Admin/backend/.venv-t003/lib/python3.11/site-packages/sqlalchemy/connectors/asyncio.py", line 402, in terminate
    self.await_(asyncio.shield(self._terminate_graceful_close()))  # type: ignore[attr-defined] # noqa: E501
    ^^^^^^^^^^^^^^^^^^^^^^^^^^^^^^^^^^^^^^^^^^^^^^^^^^^^^^^^^^^^^
  File "/Users/sergiolr/Desktop/Productos/React-Python-Login-Admin/backend/.venv-t003/lib/python3.11/site-packages/sqlalchemy/util/_concurrency_py3k.py", line 132, in await_only
    return current.parent.switch(awaitable)  # type: ignore[no-any-return,attr-defined] # noqa: E501
           ^^^^^^^^^^^^^^^^^^^^^^^^^^^^^^^^
  File "/Users/sergiolr/Desktop/Productos/React-Python-Login-Admin/backend/.venv-t003/lib/python3.11/site-packages/sqlalchemy/util/_concurrency_py3k.py", line 196, in greenlet_spawn
    value = await result
            ^^^^^^^^^^^^
  File "/Users/sergiolr/Desktop/Productos/React-Python-Login-Admin/backend/.venv-t003/lib/python3.11/site-packages/sqlalchemy/dialects/postgresql/asyncpg.py", line 912, in _terminate_graceful_close
    await self._connection.close(timeout=2)
  File "/Users/sergiolr/Desktop/Productos/React-Python-Login-Admin/backend/.venv-t003/lib/python3.11/site-packages/asyncpg/connection.py", line 1513, in close
    await self._protocol.close(timeout)
  File "asyncpg/protocol/protocol.pyx", line 617, in close
  File "asyncpg/protocol/protocol.pyx", line 650, in asyncpg.protocol.protocol.BaseProtocol._request_cancel
  File "/Users/sergiolr/Desktop/Productos/React-Python-Login-Admin/backend/.venv-t003/lib/python3.11/site-packages/asyncpg/connection.py", line 1682, in _cancel_current_command
    self._cancellations.add(self._loop.create_task(self._cancel(waiter)))
                            ^^^^^^^^^^^^^^^^^^^^^^^^^^^^^^^^^^^^^^^^^^^^
  File "/Library/Frameworks/Python.framework/Versions/3.11/lib/python3.11/asyncio/base_events.py", line 434, in create_task
    self._check_closed()
  File "/Library/Frameworks/Python.framework/Versions/3.11/lib/python3.11/asyncio/base_events.py", line 519, in _check_closed
    raise RuntimeError('Event loop is closed')
RuntimeError: Event loop is closed
WARNING  app.core.db:db.py:128 {'event': 'ERROR get_session: rolling back transaction', 'request_id': '6b489b32-4c7b-46e6-bbfa-532fefbe74f9', 'level': 'warning', 'logger': 'app.core.db', 'timestamp': '2026-05-10T10:46:22.463412Z'}
WARNING  app.main:main.py:112 {'request_id': '6b489b32-4c7b-46e6-bbfa-532fefbe74f9', 'event': 'ERROR request_id_middleware: unhandled exception', 'level': 'warning', 'logger': 'app.main', 'timestamp': '2026-05-10T10:46:22.463671Z'}
=========================== short test summary info ============================
FAILED tests/integration/test_admin_ai_discover_models.py::test_discover_models_idempotent
FAILED tests/integration/test_admin_ai_discover_models.py::test_discover_models_404_unknown_provider
========================= 2 failed, 5 passed in 1.85s ==========================
