============================= test session starts ==============================
platform darwin -- Python 3.11.5, pytest-9.0.2, pluggy-1.6.0 -- /usr/local/bin/python3
cachedir: .pytest_cache
rootdir: /Users/sergiolr/Desktop/Productos/React-Python-Login-Admin-worktrees/P04-S03-T003/backend
configfile: pyproject.toml
plugins: httpx-0.36.0, asyncio-1.3.0, langsmith-0.8.3, anyio-4.13.0
asyncio: mode=Mode.AUTO, debug=False, asyncio_default_fixture_loop_scope=None, asyncio_default_test_loop_scope=function
collecting ... collected 15 items

tests/integration/test_audit_endpoint.py::test_T01_auditor_200_with_rows PASSED [  6%]
tests/integration/test_audit_endpoint.py::test_T02_super_admin_200 PASSED [ 13%]
tests/integration/test_audit_endpoint.py::test_T03_people_admin_403 PASSED [ 20%]
tests/integration/test_audit_endpoint.py::test_T04_employee_403 PASSED   [ 26%]
tests/integration/test_audit_endpoint.py::test_T05_no_bearer_401 PASSED  [ 33%]
tests/integration/test_audit_endpoint.py::test_T06_filter_actor PASSED   [ 40%]
tests/integration/test_audit_endpoint.py::test_T07_filter_action PASSED  [ 46%]
tests/integration/test_audit_endpoint.py::test_T08_filter_actor_and_action PASSED [ 53%]
tests/integration/test_audit_endpoint.py::test_T09_invalid_from_422 PASSED [ 60%]
tests/integration/test_audit_endpoint.py::test_T10_from_after_to_422 PASSED [ 66%]
tests/integration/test_audit_endpoint.py::test_T11_window_too_wide_422 PASSED [ 73%]
tests/integration/test_audit_endpoint.py::test_T12_empty_result_200 PASSED [ 80%]
tests/integration/test_audit_endpoint.py::test_T13_cursor_pagination PASSED [ 86%]
tests/integration/test_audit_endpoint.py::test_T14_verbose_logging_modes PASSED [ 93%]
tests/integration/test_audit_endpoint.py::test_T15_response_shape_contract PASSED [100%]

=============================== warnings summary ===============================
tests/integration/test_audit_endpoint.py::test_T09_invalid_from_422
  /Users/sergiolr/Library/Python/3.11/lib/python/site-packages/starlette/_exception_handler.py:59: DeprecationWarning: 'HTTP_422_UNPROCESSABLE_ENTITY' is deprecated. Use 'HTTP_422_UNPROCESSABLE_CONTENT' instead.
    response = await handler(conn, exc)

-- Docs: https://docs.pytest.org/en/stable/how-to/capture-warnings.html
======================== 15 passed, 1 warning in 4.24s =========================
