============================= test session starts ==============================
platform darwin -- Python 3.11.5, pytest-9.0.3, pluggy-1.6.0
rootdir: /Users/sergiolr/Desktop/Productos/React-Python-Login-Admin/backend
configfile: pyproject.toml
testpaths: tests
plugins: cov-7.1.0, asyncio-1.3.0, langsmith-0.8.3, anyio-4.13.0
asyncio: mode=Mode.AUTO, debug=False, asyncio_default_fixture_loop_scope=None, asyncio_default_test_loop_scope=function
collected 81 items

tests/integration/test_auth_migration.py ............                    [ 14%]
tests/integration/test_seed_idempotency.py sss                           [ 18%]
tests/integration/test_seed_loader_after_migration.py ......             [ 25%]
tests/integration/test_seed_missing_bundle.py .....                      [ 32%]
tests/integration/test_seed_namespaces.py s..                            [ 35%]
tests/test_dependency_smoke.py .......................................   [ 83%]
tests/test_health.py .........                                           [ 95%]
tests/test_logging.py ....                                               [100%]

=============================== warnings summary ===============================
tests/test_dependency_smoke.py::test_pyjwt_importable
  /Users/sergiolr/Desktop/Productos/React-Python-Login-Admin/backend/.venv-t003/lib/python3.11/site-packages/jwt/api_jwt.py:147: InsecureKeyLengthWarning: The HMAC key is 6 bytes long, which is below the minimum recommended length of 32 bytes for SHA256. See RFC 7518 Section 3.2.
    return self._jws.encode(

tests/test_dependency_smoke.py::test_pyjwt_importable
  /Users/sergiolr/Desktop/Productos/React-Python-Login-Admin/backend/.venv-t003/lib/python3.11/site-packages/jwt/api_jwt.py:365: InsecureKeyLengthWarning: The HMAC key is 6 bytes long, which is below the minimum recommended length of 32 bytes for SHA256. See RFC 7518 Section 3.2.
    decoded = self.decode_complete(

tests/test_dependency_smoke.py::test_python_multipart_importable
  /Library/Frameworks/Python.framework/Versions/3.11/lib/python3.11/importlib/__init__.py:126: PendingDeprecationWarning: Please use `import python_multipart` instead.
    return _bootstrap._gcd_import(name[level:], package, level)

tests/test_dependency_smoke.py::test_deepagents_importable
  /Users/sergiolr/Desktop/Productos/React-Python-Login-Admin/backend/.venv-t003/lib/python3.11/site-packages/langgraph/checkpoint/serde/encrypted.py:5: LangChainPendingDeprecationWarning: The default value of `allowed_objects` will change in a future version. Pass an explicit value (e.g., allowed_objects='messages' or allowed_objects='core') to suppress this warning.
    from langgraph.checkpoint.serde.jsonplus import JsonPlusSerializer

-- Docs: https://docs.pytest.org/en/stable/how-to/capture-warnings.html
================== 77 passed, 4 skipped, 4 warnings in 11.89s ==================
