============================= test session starts ==============================
platform darwin -- Python 3.11.5, pytest-9.0.2, pluggy-1.6.0 -- /usr/local/bin/python3
cachedir: .pytest_cache
rootdir: /Users/sergiolr/Desktop/Productos/React-Python-Login-Admin/.claude/worktrees/agent-a46ba8f44d6390837/backend
configfile: pyproject.toml
plugins: httpx-0.36.0, asyncio-1.3.0, langsmith-0.8.3, anyio-4.13.0
asyncio: mode=Mode.AUTO, debug=False, asyncio_default_fixture_loop_scope=None, asyncio_default_test_loop_scope=function
collecting ... collected 45 items

tests/integration/test_auth_signin.py::test_signin_success_no_mfa PASSED [  2%]
tests/integration/test_auth_signin.py::test_signin_mfa_required_branch PASSED [  4%]
tests/integration/test_auth_signin.py::test_signin_wrong_password_401_indistinguishable PASSED [  6%]
tests/integration/test_auth_signin.py::test_signin_unknown_email_401_indistinguishable PASSED [  8%]
tests/integration/test_auth_signin.py::test_signin_unknown_and_wrong_have_same_response_body PASSED [ 11%]
tests/integration/test_auth_signin.py::test_signin_user_inactive_returns_401 PASSED [ 13%]
tests/integration/test_auth_signin.py::test_signin_lockout_returns_423_after_threshold PASSED [ 15%]
tests/integration/test_auth_signin.py::test_signin_invalid_payload_empty_email_400 PASSED [ 17%]
tests/integration/test_auth_signin.py::test_signin_missing_field_returns_422 PASSED [ 20%]
tests/integration/test_auth_signin.py::test_signin_rate_limit_429 PASSED [ 22%]
tests/integration/test_auth_signin.py::test_signin_response_includes_request_id_meta PASSED [ 24%]
tests/integration/test_auth_signin.py::test_signin_no_pii_in_logs PASSED [ 26%]
tests/integration/test_auth_signin.py::test_signin_refresh_cookie_attributes PASSED [ 28%]
tests/integration/test_auth_signin.py::test_signin_refresh_token_hashed_in_db PASSED [ 31%]
tests/integration/test_auth_signin.py::test_signin_access_token_not_in_cookie PASSED [ 33%]
tests/integration/test_auth_signin.py::test_signin_response_timing_envelope PASSED [ 35%]
tests/integration/test_auth_refresh.py::test_refresh_success_rotates_and_returns_new_access_token PASSED [ 37%]
tests/integration/test_auth_refresh.py::test_refresh_no_cookie_returns_401_session_expired PASSED [ 40%]
tests/integration/test_auth_refresh.py::test_refresh_unknown_token_returns_401 PASSED [ 42%]
tests/integration/test_auth_refresh.py::test_refresh_expired_token_returns_401 PASSED [ 44%]
tests/integration/test_auth_refresh.py::test_refresh_revoked_token_returns_401 PASSED [ 46%]
tests/integration/test_auth_refresh.py::test_refresh_inactive_user_returns_401 PASSED [ 48%]
tests/integration/test_auth_refresh.py::test_refresh_replay_old_token_returns_401 PASSED [ 51%]
tests/integration/test_auth_refresh.py::test_refresh_concurrent_requests_only_one_wins PASSED [ 53%]
tests/integration/test_auth_refresh.py::test_refresh_rate_limit_returns_429 PASSED [ 55%]
tests/integration/test_auth_refresh.py::test_refresh_no_pii_or_token_value_in_logs PASSED [ 57%]
tests/integration/test_auth_refresh.py::test_refresh_request_id_in_response_header_and_meta PASSED [ 60%]
tests/integration/test_auth_refresh.py::test_refresh_body_has_no_refresh_token PASSED [ 62%]
tests/integration/test_auth_refresh.py::test_refresh_new_refresh_hashed_in_db PASSED [ 64%]
tests/integration/test_auth_refresh.py::test_refresh_401_body_byte_identical_for_all_failure_reasons PASSED [ 66%]
tests/integration/test_auth_logout.py::test_logout_success_revokes_token_and_clears_cookie PASSED [ 68%]
tests/integration/test_auth_logout.py::test_logout_no_bearer_returns_401 PASSED [ 71%]
tests/integration/test_auth_logout.py::test_logout_invalid_bearer_returns_401 PASSED [ 73%]
tests/integration/test_auth_logout.py::test_logout_expired_bearer_returns_401 PASSED [ 75%]
tests/integration/test_auth_logout.py::test_logout_no_cookie_returns_401 PASSED [ 77%]
tests/integration/test_auth_logout.py::test_logout_unknown_cookie_returns_401 PASSED [ 80%]
tests/integration/test_auth_logout.py::test_logout_expired_cookie_returns_401 PASSED [ 82%]
tests/integration/test_auth_logout.py::test_logout_revoked_cookie_returns_401 PASSED [ 84%]
tests/integration/test_auth_logout.py::test_logout_user_mismatch_returns_401 PASSED [ 86%]
tests/integration/test_auth_logout.py::test_logout_401_body_byte_identical_for_all_failure_reasons PASSED [ 88%]
tests/integration/test_auth_logout.py::test_logout_does_not_revoke_other_users_tokens PASSED [ 91%]
tests/integration/test_auth_logout.py::test_logout_request_id_propagated_in_response_header_and_audit PASSED [ 93%]
tests/integration/test_auth_logout.py::test_logout_no_pii_or_token_value_in_logs PASSED [ 95%]
tests/integration/test_auth_logout.py::test_logout_audit_row_persists_even_when_main_tx_rolls_back PASSED [ 97%]
tests/integration/test_auth_logout.py::test_logout_cookie_jar_roundtrip_no_manual_cookie_header PASSED [100%]

=============================== warnings summary ===============================
tests/integration/test_auth_refresh.py: 20 warnings
  /Users/sergiolr/Library/Python/3.11/lib/python/site-packages/starlette/testclient.py:445: DeprecationWarning: Setting per-request cookies=<...> is being deprecated, because the expected behaviour on cookie persistence is ambiguous. Set cookies directly on the client instance instead.
    return super().request(

-- Docs: https://docs.pytest.org/en/stable/how-to/capture-warnings.html
======================= 45 passed, 20 warnings in 4.83s ========================
