============================= test session starts ==============================
platform darwin -- Python 3.11.5, pytest-9.0.3, pluggy-1.6.0 -- /Users/sergiolr/Desktop/Productos/React-Python-Login-Admin/backend/.venv-t003/bin/python3.11
cachedir: .pytest_cache
rootdir: /Users/sergiolr/Desktop/Productos/React-Python-Login-Admin/backend
configfile: pyproject.toml
plugins: cov-7.1.0, asyncio-1.3.0, langsmith-0.8.3, anyio-4.13.0
asyncio: mode=Mode.AUTO, debug=False, asyncio_default_fixture_loop_scope=None, asyncio_default_test_loop_scope=function
collecting ... collected 4 items

tests/test_logging.py::test_exc_info_does_not_leak_frame_locals_verbose PASSED [ 25%]
tests/test_logging.py::test_exc_info_does_not_leak_frame_locals_json PASSED [ 50%]
tests/test_logging.py::test_enable_verbose_logging_env_var_false PASSED  [ 75%]
tests/test_logging.py::test_redaction_processor_still_scrubs_event_dict_keys PASSED [100%]

============================== 4 passed in 0.07s ===============================
