============================= test session starts ==============================
platform darwin -- Python 3.11.5, pytest-9.0.2, pluggy-1.6.0 -- /usr/local/bin/python3
cachedir: .pytest_cache
rootdir: /Users/sergiolr/Desktop/Productos/React-Python-Login-Admin-worktrees/P02-S03-T002/backend
configfile: pyproject.toml
plugins: httpx-0.36.0, asyncio-1.3.0, langsmith-0.8.3, anyio-4.13.0
asyncio: mode=Mode.AUTO, debug=False, asyncio_default_fixture_loop_scope=None, asyncio_default_test_loop_scope=function
collecting ... collected 51 items

tests/integration/test_chat_stream.py::TestT01HappyPath::test_stream_happy_path_es PASSED [  1%]
tests/integration/test_chat_stream.py::TestT02NotFound::test_stream_ownership_404 PASSED [  3%]
tests/integration/test_chat_stream.py::TestT03Forbidden::test_stream_ownership_403 PASSED [  5%]
tests/integration/test_chat_stream.py::TestT04NoAuth::test_stream_no_auth_401 PASSED [  7%]
tests/integration/test_chat_stream.py::TestT05EmptyBody::test_stream_empty_body_400 PASSED [  9%]
tests/integration/test_chat_stream.py::TestT06OversizeBody::test_stream_oversize_body_400 PASSED [ 11%]
tests/integration/test_chat_stream.py::TestT07UserMsgBeforeLlm::test_stream_user_msg_persisted_before_llm PASSED [ 13%]
tests/integration/test_chat_stream.py::TestT08NoRagHits::test_stream_no_rag_hits_still_works PASSED [ 15%]
tests/integration/test_chat_stream.py::TestT09NoActiveChatModel::test_stream_no_active_chat_model_502 PASSED [ 17%]
tests/integration/test_chat_stream.py::TestT10MidStreamError::test_stream_litellm_fails_mid_stream PASSED [ 19%]
tests/integration/test_chat_stream.py::TestT11ClientDisconnect::test_stream_client_disconnect_persists_partial PASSED [ 21%]
tests/integration/test_chat_stream.py::TestT12UpdatedAtBumped::test_stream_conversation_updated_at_bumped PASSED [ 23%]
tests/integration/test_chat_stream.py::TestT13UsageLogColumns::test_stream_usage_log_columns PASSED [ 25%]
tests/integration/test_chat_stream.py::TestT14CitationsLinkAssistant::test_stream_citations_link_to_assistant_msg PASSED [ 27%]
tests/integration/test_chat_stream.py::TestT15LogsVerboseOff::test_stream_logs_verbose_off_silent PASSED [ 29%]
tests/integration/test_chat_stream.py::TestT16LogsVerboseOn::test_stream_logs_verbose_on_full_flow PASSED [ 31%]
tests/integration/test_chat_stream.py::TestT17LogsRedactSecrets::test_stream_logs_redact_secrets PASSED [ 33%]
tests/integration/test_chat_stream.py::TestT18RequestIdPropagated::test_stream_request_id_propagated PASSED [ 35%]
tests/integration/test_chat_stream.py::TestT19ContentType::test_stream_sse_content_type_header PASSED [ 37%]
tests/integration/test_chat_stream.py::TestT20NotBuffered::test_stream_sse_chunked_not_buffered PASSED [ 39%]
tests/integration/test_chat_stream_unit_sse.py::TestMakeSseBytes::test_framing_format PASSED [ 41%]
tests/integration/test_chat_stream_unit_sse.py::TestMakeSseBytes::test_double_newline_separator PASSED [ 43%]
tests/integration/test_chat_stream_unit_sse.py::TestMakeSseBytes::test_json_is_single_line PASSED [ 45%]
tests/integration/test_chat_stream_unit_sse.py::TestMakeSseBytes::test_utf8_spanish_preserved PASSED [ 47%]
tests/integration/test_chat_stream_unit_sse.py::TestMakeSseBytes::test_utf8_french_preserved PASSED [ 49%]
tests/integration/test_chat_stream_unit_sse.py::TestMakeSseBytes::test_returns_bytes PASSED [ 50%]
tests/integration/test_chat_stream_unit_sse.py::TestSseMeta::test_meta_event_name PASSED [ 52%]
tests/integration/test_chat_stream_unit_sse.py::TestSseMeta::test_meta_payload_fields PASSED [ 54%]
tests/integration/test_chat_stream_unit_sse.py::TestSseChunk::test_chunk_event_name PASSED [ 56%]
tests/integration/test_chat_stream_unit_sse.py::TestSseChunk::test_chunk_delta_present PASSED [ 58%]
tests/integration/test_chat_stream_unit_sse.py::TestSseChunk::test_empty_delta_wire_valid PASSED [ 60%]
tests/integration/test_chat_stream_unit_sse.py::TestSseChunk::test_multiline_delta_single_data_line PASSED [ 62%]
tests/integration/test_chat_stream_unit_sse.py::TestSseCitation::test_citation_event_name PASSED [ 64%]
tests/integration/test_chat_stream_unit_sse.py::TestSseCitation::test_citation_payload_fields PASSED [ 66%]
tests/integration/test_chat_stream_unit_sse.py::TestSseUsage::test_usage_event_name PASSED [ 68%]
tests/integration/test_chat_stream_unit_sse.py::TestSseUsage::test_usage_payload_fields PASSED [ 70%]
tests/integration/test_chat_stream_unit_sse.py::TestSseError::test_error_event_name PASSED [ 72%]
tests/integration/test_chat_stream_unit_sse.py::TestSseError::test_error_payload_fields PASSED [ 74%]
tests/integration/test_chat_stream_unit_sse.py::TestSseDone::test_done_event_name PASSED [ 76%]
tests/integration/test_chat_stream_unit_sse.py::TestSseDone::test_done_payload_fields PASSED [ 78%]
tests/integration/test_chat_stream_unit_sse.py::TestSseDone::test_done_ends_with_double_newline PASSED [ 80%]
tests/unit/test_llm_gateway_litellm_client.py::TestStreamChat::test_delta_events_yielded PASSED [ 82%]
tests/unit/test_llm_gateway_litellm_client.py::TestStreamChat::test_usage_event_yielded_last PASSED [ 84%]
tests/unit/test_llm_gateway_litellm_client.py::TestStreamChat::test_stream_event_types_are_correct PASSED [ 86%]
tests/unit/test_llm_gateway_litellm_client.py::TestStreamChat::test_litellm_connection_error_raises_litellm_error PASSED [ 88%]
tests/unit/test_llm_gateway_litellm_client.py::TestStreamChat::test_litellm_mid_stream_error_yields_error_event PASSED [ 90%]
tests/unit/test_llm_gateway_litellm_client.py::TestStreamChat::test_stream_event_is_dataclass PASSED [ 92%]
tests/unit/test_llm_gateway_litellm_client.py::TestStreamChat::test_base_url_passed_when_provider_has_one PASSED [ 94%]
tests/unit/test_llm_gateway_litellm_client.py::TestEmbedQuery::test_returns_1536_dim_list PASSED [ 96%]
tests/unit/test_llm_gateway_litellm_client.py::TestEmbedQuery::test_wrong_dimension_raises_embedding_error PASSED [ 98%]
tests/unit/test_llm_gateway_litellm_client.py::TestEmbedQuery::test_litellm_error_raises_embedding_error PASSED [100%]

============================== 51 passed in 4.32s ==============================
