============================= test session starts ==============================
platform darwin -- Python 3.11.5, pytest-9.0.2, pluggy-1.6.0 -- /usr/local/bin/python3
cachedir: .pytest_cache
rootdir: /Users/sergiolr/Desktop/Productos/React-Python-Login-Admin/.claude/worktrees/agent-accfeea7145ea5e44/backend
configfile: pyproject.toml
plugins: httpx-0.36.0, asyncio-1.3.0, langsmith-0.8.3, anyio-4.13.0
asyncio: mode=Mode.AUTO, debug=False, asyncio_default_fixture_loop_scope=None, asyncio_default_test_loop_scope=function
collecting ... collected 16 items

backend/tests/integration/test_auth_signin.py::test_signin_success_no_mfa PASSED [  6%]
backend/tests/integration/test_auth_signin.py::test_signin_mfa_required_branch PASSED [ 12%]
backend/tests/integration/test_auth_signin.py::test_signin_wrong_password_401_indistinguishable PASSED [ 18%]
backend/tests/integration/test_auth_signin.py::test_signin_unknown_email_401_indistinguishable PASSED [ 25%]
backend/tests/integration/test_auth_signin.py::test_signin_unknown_and_wrong_have_same_response_body PASSED [ 31%]
backend/tests/integration/test_auth_signin.py::test_signin_user_inactive_returns_401 PASSED [ 37%]
backend/tests/integration/test_auth_signin.py::test_signin_lockout_returns_423_after_threshold PASSED [ 43%]
backend/tests/integration/test_auth_signin.py::test_signin_invalid_payload_empty_email_400 PASSED [ 50%]
backend/tests/integration/test_auth_signin.py::test_signin_missing_field_returns_422 PASSED [ 56%]
backend/tests/integration/test_auth_signin.py::test_signin_rate_limit_429 PASSED [ 62%]
backend/tests/integration/test_auth_signin.py::test_signin_response_includes_request_id_meta PASSED [ 68%]
backend/tests/integration/test_auth_signin.py::test_signin_no_pii_in_logs PASSED [ 75%]
backend/tests/integration/test_auth_signin.py::test_signin_refresh_cookie_attributes PASSED [ 81%]
backend/tests/integration/test_auth_signin.py::test_signin_refresh_token_hashed_in_db PASSED [ 87%]
backend/tests/integration/test_auth_signin.py::test_signin_access_token_not_in_cookie PASSED [ 93%]
backend/tests/integration/test_auth_signin.py::test_signin_response_timing_envelope PASSED [100%]

============================== 16 passed in 2.20s ==============================
