============================= test session starts ==============================
platform darwin -- Python 3.11.5, pytest-9.0.3, pluggy-1.6.0 -- /Users/sergiolr/Desktop/Productos/React-Python-Login-Admin/backend/.venv-t003/bin/python3.11
cachedir: .pytest_cache
rootdir: /Users/sergiolr/Desktop/Productos/React-Python-Login-Admin/backend
configfile: pyproject.toml
plugins: cov-7.1.0, asyncio-1.3.0, langsmith-0.8.3, anyio-4.13.0
asyncio: mode=Mode.AUTO, debug=False, asyncio_default_fixture_loop_scope=None, asyncio_default_test_loop_scope=function
collecting ... collected 7 items

tests/integration/test_auth_mfa_enroll.py::test_t1_happy_path PASSED     [ 14%]
tests/integration/test_auth_mfa_enroll.py::test_t2_wrong_password PASSED [ 28%]
tests/integration/test_auth_mfa_enroll.py::test_t3_unknown_email PASSED  [ 42%]
tests/integration/test_auth_mfa_enroll.py::test_t4_idempotency_rotation PASSED [ 57%]
tests/integration/test_auth_mfa_enroll.py::test_t5_decrypt_roundtrip PASSED [ 71%]
tests/integration/test_auth_mfa_enroll.py::test_t6_log_hygiene PASSED    [ 85%]
tests/integration/test_auth_mfa_enroll.py::test_t7_missing_password PASSED [100%]

============================== 7 passed in 1.42s ===============================
