============================= test session starts ==============================
platform darwin -- Python 3.11.5, pytest-9.0.2, pluggy-1.6.0 -- /usr/local/bin/python3
cachedir: .pytest_cache
rootdir: /Users/sergiolr/Desktop/Productos/React-Python-Login-Admin/.claude/worktrees/agent-a59eeab464e82ef96/backend
configfile: pyproject.toml
plugins: anyio-4.12.1, httpx-0.36.0, asyncio-1.3.0, langsmith-0.8.3
asyncio: mode=Mode.AUTO, debug=False, asyncio_default_fixture_loop_scope=None, asyncio_default_test_loop_scope=function
collecting ... collected 4 items

tests/test_health.py::test_health_returns_200 PASSED                     [ 25%]
tests/test_health.py::test_health_envelope_shape PASSED                  [ 50%]
tests/test_health.py::test_health_verbose_logging_env PASSED             [ 75%]
tests/test_health.py::test_health_silent_logging_env PASSED              [100%]

============================== 4 passed in 0.13s ===============================
