============================= test session starts ==============================
platform darwin -- Python 3.11.5, pytest-9.0.3, pluggy-1.6.0 -- /Users/sergiolr/Desktop/Productos/React-Python-Login-Admin/backend/.venv-t003/bin/python
cachedir: .pytest_cache
rootdir: /Users/sergiolr/Desktop/Productos/React-Python-Login-Admin/backend
configfile: pyproject.toml
plugins: cov-7.1.0, asyncio-1.3.0, langsmith-0.8.3, anyio-4.13.0
asyncio: mode=Mode.AUTO, debug=False, asyncio_default_fixture_loop_scope=None, asyncio_default_test_loop_scope=function
collecting ... collected 139 items

tests/integration/test_auth_migration.py::test_alembic_round_trip_upgrade_downgrade_upgrade PASSED [  0%]
tests/integration/test_auth_migration.py::test_all_nine_tables_exist FAILED [  1%]
tests/integration/test_auth_migration.py::test_alembic_version_is_0001 FAILED [  2%]
tests/integration/test_auth_migration.py::test_extensions_present PASSED [  2%]
tests/integration/test_auth_migration.py::test_users_email_is_unique PASSED [  3%]
tests/integration/test_auth_migration.py::test_users_language_check_constraint PASSED [  4%]
tests/integration/test_auth_migration.py::test_employee_profiles_user_id_cascade PASSED [  5%]
tests/integration/test_auth_migration.py::test_audit_logs_actor_user_id_set_null PASSED [  5%]
tests/integration/test_auth_migration.py::test_required_explicit_indexes_exist PASSED [  6%]
tests/integration/test_auth_migration.py::test_audit_logs_has_metadata_jsonb PASSED [  7%]
tests/integration/test_auth_migration.py::test_audit_logs_has_created_at_with_index PASSED [  7%]
tests/integration/test_auth_migration.py::test_downgrade_drops_all_tables_and_leaves_alembic_version PASSED [  8%]
tests/integration/test_seed_idempotency.py::test_seed_auth_idempotent_when_no_tables SKIPPED [  9%]
tests/integration/test_seed_idempotency.py::test_seed_all_namespaces_idempotent_when_no_tables SKIPPED [ 10%]
tests/integration/test_seed_idempotency.py::test_seed_exit_0_when_tables_missing SKIPPED [ 10%]
tests/integration/test_seed_loader_after_migration.py::test_users_table_exists_after_migration PASSED [ 11%]
tests/integration/test_seed_loader_after_migration.py::test_employee_profiles_table_exists_after_migration PASSED [ 12%]
tests/integration/test_seed_loader_after_migration.py::test_users_row_insert_and_upsert_with_real_schema PASSED [ 12%]
tests/integration/test_seed_loader_after_migration.py::test_language_check_constraint_rejects_invalid_locale PASSED [ 13%]
tests/integration/test_seed_loader_after_migration.py::test_employee_profile_insert_with_real_schema PASSED [ 14%]
tests/integration/test_seed_loader_after_migration.py::test_table_probe_confirms_users_exists PASSED [ 15%]
tests/integration/test_seed_missing_bundle.py::test_missing_source_dir_exits_2 PASSED [ 15%]
tests/integration/test_seed_missing_bundle.py::test_truncated_fixture_missing_field_exits_1 PASSED [ 16%]
tests/integration/test_seed_missing_bundle.py::test_corrupt_json_exits_1 PASSED [ 17%]
tests/integration/test_seed_missing_bundle.py::test_credential_without_synthetic_prefix_exits_1 PASSED [ 17%]
tests/integration/test_seed_missing_bundle.py::test_real_key_pattern_credential_exits_1 PASSED [ 18%]
tests/integration/test_seed_namespaces.py::test_only_auth_does_not_touch_other_namespaces SKIPPED [ 19%]
tests/integration/test_seed_namespaces.py::test_only_admin_ai_does_not_touch_other_namespaces FAILED [ 20%]
tests/integration/test_seed_namespaces.py::test_only_mcp_agents_does_not_touch_other_namespaces PASSED [ 20%]
tests/integration/test_seed_productive_bundle.py::test_manifest_is_productive PASSED [ 21%]
tests/integration/test_seed_productive_bundle.py::test_dry_run_productive_bundle_exits_0 PASSED [ 22%]
tests/integration/test_seed_productive_bundle.py::test_mfa_fixture_productive_shape PASSED [ 23%]
tests/integration/test_seed_productive_bundle.py::test_providers_fixture_uses_env_refs PASSED [ 23%]
tests/integration/test_seed_productive_bundle.py::test_servers_fixture_env_or_public PASSED [ 24%]
tests/integration/test_seed_productive_bundle.py::test_rag_docs_no_deprecated_entries_active PASSED [ 25%]
tests/integration/test_seed_productive_bundle.py::test_seed_all_namespaces_table_tolerant_with_real_db SKIPPED [ 25%]
tests/test_dependency_smoke.py::test_fastapi_importable PASSED           [ 26%]
tests/test_dependency_smoke.py::test_uvicorn_importable PASSED           [ 27%]
tests/test_dependency_smoke.py::test_sqlalchemy_importable PASSED        [ 28%]
tests/test_dependency_smoke.py::test_alembic_importable PASSED           [ 28%]
tests/test_dependency_smoke.py::test_asyncpg_importable PASSED           [ 29%]
tests/test_dependency_smoke.py::test_pydantic_importable PASSED          [ 30%]
tests/test_dependency_smoke.py::test_pydantic_settings_importable PASSED [ 30%]
tests/test_dependency_smoke.py::test_argon2_cffi_importable PASSED       [ 31%]
tests/test_dependency_smoke.py::test_pyjwt_importable PASSED             [ 32%]
tests/test_dependency_smoke.py::test_cryptography_importable PASSED      [ 33%]
tests/test_dependency_smoke.py::test_python_multipart_importable PASSED  [ 33%]
tests/test_dependency_smoke.py::test_itsdangerous_importable PASSED      [ 34%]
tests/test_dependency_smoke.py::test_httpx_importable PASSED             [ 35%]
tests/test_dependency_smoke.py::test_pypdf_importable PASSED             [ 35%]
tests/test_dependency_smoke.py::test_python_docx_importable PASSED       [ 36%]
tests/test_dependency_smoke.py::test_celery_importable PASSED            [ 37%]
tests/test_dependency_smoke.py::test_redis_importable PASSED             [ 38%]
tests/test_dependency_smoke.py::test_resend_importable PASSED            [ 38%]
tests/test_dependency_smoke.py::test_structlog_importable PASSED         [ 39%]
tests/test_dependency_smoke.py::test_prometheus_client_importable PASSED [ 40%]
tests/test_dependency_smoke.py::test_boto3_importable PASSED             [ 41%]
tests/test_dependency_smoke.py::test_pgvector_importable PASSED          [ 41%]
tests/test_dependency_smoke.py::test_litellm_importable PASSED           [ 42%]
tests/test_dependency_smoke.py::test_langchain_core_importable PASSED    [ 43%]
tests/test_dependency_smoke.py::test_langchain_importable PASSED         [ 43%]
tests/test_dependency_smoke.py::test_langchain_community_importable PASSED [ 44%]
tests/test_dependency_smoke.py::test_langchain_text_splitters_importable PASSED [ 45%]
tests/test_dependency_smoke.py::test_langgraph_importable PASSED         [ 46%]
tests/test_dependency_smoke.py::test_deepagents_importable PASSED        [ 46%]
tests/test_dependency_smoke.py::test_mcp_importable PASSED               [ 47%]
tests/test_dependency_smoke.py::test_tiktoken_importable PASSED          [ 48%]
tests/test_dependency_smoke.py::test_core_config_importable PASSED       [ 48%]
tests/test_dependency_smoke.py::test_core_logging_importable PASSED      [ 49%]
tests/test_dependency_smoke.py::test_core_db_importable PASSED           [ 50%]
tests/test_dependency_smoke.py::test_dev_tool_importable[ruff] PASSED    [ 51%]
tests/test_dependency_smoke.py::test_dev_tool_importable[mypy] PASSED    [ 51%]
tests/test_dependency_smoke.py::test_dev_tool_importable[pytest] PASSED  [ 52%]
tests/test_dependency_smoke.py::test_dev_tool_importable[pytest_asyncio] PASSED [ 53%]
tests/test_dependency_smoke.py::test_dev_tool_importable[pytest_cov] PASSED [ 53%]
tests/test_health.py::test_health_returns_flat_shape_and_200 PASSED      [ 54%]
tests/test_health.py::test_live_returns_200_without_db PASSED            [ 55%]
tests/test_health.py::test_ready_returns_200_when_db_ok PASSED           [ 56%]
tests/test_health.py::test_ready_returns_503_when_db_fails PASSED        [ 56%]
tests/test_health.py::test_request_id_echoed_when_provided PASSED        [ 57%]
tests/test_health.py::test_request_id_generated_when_missing PASSED      [ 58%]
tests/test_health.py::test_logs_redact_secrets_under_verbose PASSED      [ 58%]
tests/test_health.py::test_health_uptime_increases PASSED                [ 59%]
tests/test_health.py::test_ready_db_down_does_not_leak_dsn_in_logs PASSED [ 60%]
tests/test_logging.py::test_exc_info_does_not_leak_frame_locals_verbose PASSED [ 61%]
tests/test_logging.py::test_exc_info_does_not_leak_frame_locals_json PASSED [ 61%]
tests/test_logging.py::test_enable_verbose_logging_env_var_false PASSED  [ 62%]
tests/test_logging.py::test_redaction_processor_still_scrubs_event_dict_keys PASSED [ 63%]
tests/unit/agents/test_routing.py::test_single_token_match_selects_correct_agent PASSED [ 64%]
tests/unit/agents/test_routing.py::test_multi_token_match_selects_higher_score PASSED [ 64%]
tests/unit/agents/test_routing.py::test_no_overlap_returns_fallback PASSED [ 65%]
tests/unit/agents/test_routing.py::test_empty_message_returns_fallback PASSED [ 66%]
tests/unit/agents/test_routing.py::test_empty_subagent_list_returns_fallback PASSED [ 66%]
tests/unit/agents/test_routing.py::test_tiebreak_prefers_larger_topic_list PASSED [ 67%]
tests/unit/agents/test_routing.py::test_tiebreak_same_topic_count_prefers_alphabetical_first PASSED [ 68%]
tests/unit/agents/test_routing.py::test_subagent_with_empty_topics_is_skipped PASSED [ 69%]
tests/unit/agents/test_routing.py::test_vacaciones_routes_to_hr_policies_agent PASSED [ 69%]
tests/unit/agents/test_routing.py::test_langchain_routes_to_langchain_docs_agent PASSED [ 70%]
tests/unit/agents/test_specs.py::test_supervisor_spec_has_no_topics PASSED [ 71%]
tests/unit/agents/test_specs.py::test_subagent_spec_has_topics PASSED    [ 71%]
tests/unit/agents/test_specs.py::test_agent_spec_is_frozen PASSED        [ 72%]
tests/unit/agents/test_specs.py::test_load_specs_from_json_returns_three_specs PASSED [ 73%]
tests/unit/agents/test_specs.py::test_load_specs_from_json_one_supervisor PASSED [ 74%]
tests/unit/agents/test_specs.py::test_load_specs_from_json_two_subagents PASSED [ 74%]
tests/unit/agents/test_specs.py::test_hr_agent_topics_contain_vacaciones PASSED [ 75%]
tests/unit/agents/test_specs.py::test_langchain_agent_topics_contain_langchain PASSED [ 76%]
tests/unit/agents/test_specs.py::test_load_specs_file_not_found_raises PASSED [ 76%]
tests/unit/agents/test_specs.py::test_load_specs_wrong_json_shape_raises PASSED [ 77%]
tests/unit/agents/test_supervisor.py::test_build_supervisor_from_mixed_specs PASSED [ 78%]
tests/unit/agents/test_supervisor.py::test_build_supervisor_raises_with_no_subagents PASSED [ 79%]
tests/unit/agents/test_supervisor.py::test_build_supervisor_accepts_custom_executor PASSED [ 79%]
tests/unit/agents/test_supervisor.py::test_supervisor_vacaciones_routes_to_hr_agent PASSED [ 80%]
tests/unit/agents/test_supervisor.py::test_supervisor_langchain_routes_to_langchain_agent PASSED [ 81%]
tests/unit/agents/test_supervisor.py::test_supervisor_no_overlap_returns_fallback_response PASSED [ 82%]
tests/unit/agents/test_supervisor.py::test_supervisor_empty_message_returns_fallback_response PASSED [ 82%]
tests/unit/agents/test_supervisor.py::test_supervisor_executor_exception_propagates PASSED [ 83%]
tests/unit/agents/test_supervisor.py::test_supervisor_init_empty_subagents_raises PASSED [ 84%]
tests/unit/agents/test_supervisor.py::test_supervisor_routes_inactive_agents_no_filtering PASSED [ 84%]
tests/unit/seeds/test_schemas.py::test_mfa_synthetic_valid PASSED        [ 85%]
tests/unit/seeds/test_schemas.py::test_mfa_synthetic_real_totp_rejected PASSED [ 86%]
tests/unit/seeds/test_schemas.py::test_mfa_productive_valid PASSED       [ 87%]
tests/unit/seeds/test_schemas.py::test_mfa_productive_synthetic_flag_rejected PASSED [ 87%]
tests/unit/seeds/test_schemas.py::test_mfa_none_bundle_type_rejected PASSED [ 88%]
tests/unit/seeds/test_schemas.py::test_provider_synthetic_valid PASSED   [ 89%]
tests/unit/seeds/test_schemas.py::test_provider_synthetic_missing_prefix_rejected PASSED [ 89%]
tests/unit/seeds/test_schemas.py::test_provider_synthetic_real_sk_pattern_rejected PASSED [ 90%]
tests/unit/seeds/test_schemas.py::test_provider_productive_env_ref_valid PASSED [ 91%]
tests/unit/seeds/test_schemas.py::test_provider_productive_aiza_pattern_rejected PASSED [ 92%]
tests/unit/seeds/test_schemas.py::test_model_valid_chat PASSED           [ 92%]
tests/unit/seeds/test_schemas.py::test_model_reranker_capability_accepted PASSED [ 93%]
tests/unit/seeds/test_schemas.py::test_model_missing_model_id_raises PASSED [ 94%]
tests/unit/seeds/test_schemas.py::test_server_synthetic_valid PASSED     [ 94%]
tests/unit/seeds/test_schemas.py::test_server_synthetic_missing_token_rejected PASSED [ 95%]
tests/unit/seeds/test_schemas.py::test_server_productive_public_server_valid PASSED [ 96%]
tests/unit/seeds/test_schemas.py::test_agent_supervisor_valid PASSED     [ 97%]
tests/unit/seeds/test_schemas.py::test_agent_subagent_missing_parent_rejected PASSED [ 97%]
tests/unit/seeds/test_schemas.py::test_agent_subagent_with_parent_and_topics_valid PASSED [ 98%]
tests/unit/seeds/test_schemas.py::test_resolve_env_var_set_returns_value PASSED [ 99%]
tests/unit/seeds/test_schemas.py::test_resolve_env_var_missing_required_raises PASSED [100%]

=================================== FAILURES ===================================
__________________________ test_all_nine_tables_exist __________________________
tests/integration/test_auth_migration.py:196: in test_all_nine_tables_exist
    assert expected_tables == found, f"Expected {expected_tables}, got {found}"
E   AssertionError: Expected {'users', 'audit_logs', 'roles', 'user_roles', 'mfa_totp_secrets', 'password_reset_tokens', 'refresh_tokens', 'permissions', 'employee_profiles'}, got {'users', 'audit_logs', 'ai_providers', 'roles', 'user_roles', 'ai_models', 'mfa_totp_secrets', 'ai_provider_credentials', 'password_reset_tokens', 'refresh_tokens', 'permissions', 'employee_profiles'}
E   assert {'audit_logs'..._tokens', ...} == {'ai_models',...secrets', ...}
E     
E     Extra items in the right set:
E     'ai_models'
E     'ai_provider_credentials'
E     'ai_providers'
E     
E     Full diff:...
E     
E     ...Full output truncated (14 lines hidden), use '-vv' to show
_________________________ test_alembic_version_is_0001 _________________________
tests/integration/test_auth_migration.py:206: in test_alembic_version_is_0001
    assert rows[0][0] == "0001", f"Expected revision '0001', got '{rows[0][0]}'"
E   AssertionError: Expected revision '0001', got '0003'
E   assert '0003' == '0001'
E     
E     - 0001
E     ?    ^
E     + 0003
E     ?    ^
______________ test_only_admin_ai_does_not_touch_other_namespaces ______________
tests/integration/test_seed_namespaces.py:192: in test_only_admin_ai_does_not_touch_other_namespaces
    report = await load_admin_ai(engine, verification_bundle_dir, bundle_type="productive")
             ^^^^^^^^^^^^^^^^^^^^^^^^^^^^^^^^^^^^^^^^^^^^^^^^^^^^^^^^^^^^^^^^^^^^^^^^^^^^^^
app/seeds/loader/admin_ai.py:129: in load_admin_ai
    api_key = resolve_env_var(provider.api_key_env, required=True)
              ^^^^^^^^^^^^^^^^^^^^^^^^^^^^^^^^^^^^^^^^^^^^^^^^^^^^
app/seeds/loader/_common.py:67: in resolve_env_var
    raise BundleLoadError(
E   app.seeds.io.BundleLoadError: Bundle load error [.env.local]: Productive bundle env var 'VERIFICATION_GEMINI_API_KEY' is required but not set. Set it in .env.local (gitignored) and run: set -a; source .env.local; set +a
=============================== warnings summary ===============================
tests/test_dependency_smoke.py::test_pyjwt_importable
  /Users/sergiolr/Desktop/Productos/React-Python-Login-Admin/backend/.venv-t003/lib/python3.11/site-packages/jwt/api_jwt.py:147: InsecureKeyLengthWarning: The HMAC key is 6 bytes long, which is below the minimum recommended length of 32 bytes for SHA256. See RFC 7518 Section 3.2.
    return self._jws.encode(

tests/test_dependency_smoke.py::test_pyjwt_importable
  /Users/sergiolr/Desktop/Productos/React-Python-Login-Admin/backend/.venv-t003/lib/python3.11/site-packages/jwt/api_jwt.py:365: InsecureKeyLengthWarning: The HMAC key is 6 bytes long, which is below the minimum recommended length of 32 bytes for SHA256. See RFC 7518 Section 3.2.
    decoded = self.decode_complete(

tests/test_dependency_smoke.py::test_python_multipart_importable
  /Library/Frameworks/Python.framework/Versions/3.11/lib/python3.11/importlib/__init__.py:126: PendingDeprecationWarning: Please use `import python_multipart` instead.
    return _bootstrap._gcd_import(name[level:], package, level)

tests/test_dependency_smoke.py::test_deepagents_importable
  /Users/sergiolr/Desktop/Productos/React-Python-Login-Admin/backend/.venv-t003/lib/python3.11/site-packages/langgraph/checkpoint/serde/encrypted.py:5: LangChainPendingDeprecationWarning: The default value of `allowed_objects` will change in a future version. Pass an explicit value (e.g., allowed_objects='messages' or allowed_objects='core') to suppress this warning.
    from langgraph.checkpoint.serde.jsonplus import JsonPlusSerializer

-- Docs: https://docs.pytest.org/en/stable/how-to/capture-warnings.html
=========================== short test summary info ============================
FAILED tests/integration/test_auth_migration.py::test_all_nine_tables_exist
FAILED tests/integration/test_auth_migration.py::test_alembic_version_is_0001
FAILED tests/integration/test_seed_namespaces.py::test_only_admin_ai_does_not_touch_other_namespaces
============ 3 failed, 131 passed, 5 skipped, 4 warnings in 16.15s =============
