============================= test session starts ==============================
platform darwin -- Python 3.11.5, pytest-9.0.2, pluggy-1.6.0 -- /usr/local/bin/python3
cachedir: .pytest_cache
rootdir: /Users/sergiolr/Desktop/Productos/React-Python-Login-Admin/backend
configfile: pyproject.toml
plugins: httpx-0.36.0, asyncio-1.3.0, langsmith-0.8.3, anyio-4.13.0
asyncio: mode=Mode.AUTO, debug=False, asyncio_default_fixture_loop_scope=None, asyncio_default_test_loop_scope=function
collecting ... collected 47 items

backend/tests/integration/test_auth_signin.py::test_signin_success_no_mfa PASSED [  2%]
backend/tests/integration/test_auth_signin.py::test_signin_mfa_required_branch PASSED [  4%]
backend/tests/integration/test_auth_signin.py::test_signin_wrong_password_401_indistinguishable PASSED [  6%]
backend/tests/integration/test_auth_signin.py::test_signin_unknown_email_401_indistinguishable PASSED [  8%]
backend/tests/integration/test_auth_signin.py::test_signin_unknown_and_wrong_have_same_response_body PASSED [ 10%]
backend/tests/integration/test_auth_signin.py::test_signin_user_inactive_returns_401 PASSED [ 12%]
backend/tests/integration/test_auth_signin.py::test_signin_lockout_returns_423_after_threshold PASSED [ 14%]
backend/tests/integration/test_auth_signin.py::test_signin_invalid_payload_empty_email_400 PASSED [ 17%]
backend/tests/integration/test_auth_signin.py::test_signin_missing_field_returns_422 PASSED [ 19%]
backend/tests/integration/test_auth_signin.py::test_signin_rate_limit_429 PASSED [ 21%]
backend/tests/integration/test_auth_signin.py::test_signin_response_includes_request_id_meta PASSED [ 23%]
backend/tests/integration/test_auth_signin.py::test_signin_no_pii_in_logs PASSED [ 25%]
backend/tests/integration/test_auth_signin.py::test_signin_refresh_cookie_attributes PASSED [ 27%]
backend/tests/integration/test_auth_signin.py::test_signin_refresh_token_hashed_in_db PASSED [ 29%]
backend/tests/integration/test_auth_signin.py::test_signin_access_token_not_in_cookie PASSED [ 31%]
backend/tests/integration/test_auth_signin.py::test_signin_response_timing_envelope PASSED [ 34%]
backend/tests/integration/test_users_me.py::TestGetMeHappyPath::test_get_me_happy_path_returns_full_profile PASSED [ 36%]
backend/tests/integration/test_users_me.py::TestGetMeAdmin::test_get_me_admin_user_has_null_employee_profile SKIPPED [ 38%]
backend/tests/integration/test_users_me.py::TestGetMeAuthFailures::test_get_me_without_authorization_returns_401_aggregate PASSED [ 40%]
backend/tests/integration/test_users_me.py::TestGetMeAuthFailures::test_get_me_with_expired_access_token_returns_401_aggregate PASSED [ 42%]
backend/tests/integration/test_users_me.py::TestGetMeAuthFailures::test_get_me_with_invalid_signature_returns_401_aggregate PASSED [ 44%]
backend/tests/integration/test_users_me.py::TestGetMeAuthFailures::test_get_me_with_mfa_challenge_token_returns_401_aggregate PASSED [ 46%]
backend/tests/integration/test_users_me.py::TestGetMeAuthFailures::test_get_me_with_unknown_sub_returns_401_aggregate PASSED [ 48%]
backend/tests/integration/test_users_me.py::TestGetMeAuthFailures::test_get_me_with_inactive_user_returns_401_aggregate PASSED [ 51%]
backend/tests/integration/test_users_me.py::TestGetMeByteEqualAntiEnum::test_get_me_byte_equal_401_across_5_failure_modes PASSED [ 53%]
backend/tests/integration/test_users_me.py::TestGetMeNoAudit::test_get_me_does_not_write_audit_log_row PASSED [ 55%]
backend/tests/integration/test_users_me.py::TestPatchLanguagePersists::test_patch_me_language_to_en_persists PASSED [ 57%]
backend/tests/integration/test_users_me.py::TestPatchLanguagePersists::test_patch_me_language_to_fr_persists PASSED [ 59%]
backend/tests/integration/test_users_me.py::TestPatchLanguagePersists::test_patch_me_language_to_es_persists PASSED [ 61%]
backend/tests/integration/test_users_me.py::TestPatchLanguageAudit::test_patch_me_language_writes_audit_log PASSED [ 63%]
backend/tests/integration/test_users_me.py::TestPatchLanguageIdempotent::test_patch_me_language_idempotent_no_op PASSED [ 65%]
backend/tests/integration/test_users_me.py::TestPatchLanguageValidation::test_patch_me_language_invalid_value_returns_400_field_error PASSED [ 68%]
backend/tests/integration/test_users_me.py::TestPatchLanguageValidation::test_patch_me_language_empty_string_returns_400 PASSED [ 70%]
backend/tests/integration/test_users_me.py::TestPatchLanguageValidation::test_patch_me_language_null_returns_400 PASSED [ 72%]
backend/tests/integration/test_users_me.py::TestPatchLanguageValidation::test_patch_me_language_missing_field_returns_400 PASSED [ 74%]
backend/tests/integration/test_users_me.py::TestPatchLanguageValidation::test_patch_me_language_extra_field_returns_400 PASSED [ 76%]
backend/tests/integration/test_users_me.py::TestPatchLanguageValidation::test_patch_me_language_uppercase_returns_400 PASSED [ 78%]
backend/tests/integration/test_users_me.py::TestPatchLanguageAuthFailures::test_patch_me_language_without_authorization_returns_401 PASSED [ 80%]
backend/tests/integration/test_users_me.py::TestPatchLanguageAuthFailures::test_patch_me_language_with_inactive_user_returns_401 PASSED [ 82%]
backend/tests/integration/test_users_me.py::TestPatchLanguageNoPII::test_patch_me_language_audit_no_pii PASSED [ 85%]
backend/tests/integration/test_users_me.py::TestPatchLanguageUpdatedAt::test_patch_me_language_updates_updated_at PASSED [ 87%]
backend/tests/integration/test_users_me.py::TestLoggingSilent::test_get_me_silent_when_verbose_disabled PASSED [ 89%]
backend/tests/integration/test_users_me.py::TestLoggingSilent::test_patch_me_language_silent_when_verbose_disabled PASSED [ 91%]
backend/tests/integration/test_users_me.py::TestGetMeSecurityShape::test_get_me_response_excludes_password_hash PASSED [ 93%]
backend/tests/integration/test_users_me.py::TestGetMeSecurityShape::test_get_me_response_excludes_extra_metadata PASSED [ 95%]
backend/tests/integration/test_users_me.py::TestGetMeSecurityShape::test_get_me_uses_real_seeded_data SKIPPED [ 97%]
backend/tests/integration/test_users_me.py::TestPatchLanguageAuditCount::test_patch_me_language_audit_count_doubles_on_repeat PASSED [100%]

=============================== warnings summary ===============================
tests/integration/test_auth_signin.py::test_signin_missing_field_returns_422
  /Users/sergiolr/Library/Python/3.11/lib/python/site-packages/starlette/_exception_handler.py:59: DeprecationWarning: 'HTTP_422_UNPROCESSABLE_ENTITY' is deprecated. Use 'HTTP_422_UNPROCESSABLE_CONTENT' instead.
    response = await handler(conn, exc)

-- Docs: https://docs.pytest.org/en/stable/how-to/capture-warnings.html
=================== 45 passed, 2 skipped, 1 warning in 3.60s ===================
