============================= test session starts ==============================
platform darwin -- Python 3.11.5, pytest-9.0.2, pluggy-1.6.0 -- /usr/local/bin/python3
cachedir: .pytest_cache
rootdir: /Users/sergiolr/Desktop/Productos/React-Python-Login-Admin/.claude/worktrees/agent-a9c2e2f9442e1f02f/backend
configfile: pyproject.toml
plugins: httpx-0.36.0, asyncio-1.3.0, langsmith-0.8.3, anyio-4.13.0
asyncio: mode=Mode.AUTO, debug=False, asyncio_default_fixture_loop_scope=None, asyncio_default_test_loop_scope=function
collecting ... collected 6 items

backend/tests/integration/test_migrations_0001_auth.py::test_upgrade_creates_all_9_tables PASSED [ 16%]
backend/tests/integration/test_migrations_0001_auth.py::test_check_language_constraint_rejects_invalid PASSED [ 33%]
backend/tests/integration/test_migrations_0001_auth.py::test_unique_email_constraint_rejects_duplicate PASSED [ 50%]
backend/tests/integration/test_migrations_0001_auth.py::test_on_delete_cascade_removes_child_rows PASSED [ 66%]
backend/tests/integration/test_migrations_0001_auth.py::test_audit_log_actor_set_null_on_user_delete PASSED [ 83%]
backend/tests/integration/test_migrations_0001_auth.py::test_downgrade_removes_all_tables PASSED [100%]

============================== 6 passed in 10.40s ==============================
