============================= test session starts ==============================
platform darwin -- Python 3.11.5, pytest-9.0.2, pluggy-1.6.0 -- /usr/local/bin/python3
cachedir: .pytest_cache
rootdir: /Users/sergiolr/Desktop/Productos/React-Python-Login-Admin/.claude/worktrees/agent-a9c2e2f9442e1f02f/backend
configfile: pyproject.toml
plugins: httpx-0.36.0, asyncio-1.3.0, langsmith-0.8.3, anyio-4.13.0
asyncio: mode=Mode.AUTO, debug=False, asyncio_default_fixture_loop_scope=None, asyncio_default_test_loop_scope=function
collecting ... collected 37 items

backend/tests/integration/test_migrations_0001_auth.py::test_upgrade_creates_all_9_tables PASSED [  2%]
backend/tests/integration/test_migrations_0001_auth.py::test_check_language_constraint_rejects_invalid PASSED [  5%]
backend/tests/integration/test_migrations_0001_auth.py::test_unique_email_constraint_rejects_duplicate PASSED [  8%]
backend/tests/integration/test_migrations_0001_auth.py::test_on_delete_cascade_removes_child_rows PASSED [ 10%]
backend/tests/integration/test_migrations_0001_auth.py::test_audit_log_actor_set_null_on_user_delete PASSED [ 13%]
backend/tests/integration/test_migrations_0001_auth.py::test_downgrade_removes_all_tables PASSED [ 16%]
backend/tests/test_dependency_smoke.py::test_dependency_smoke[pypdf-pypdf-__version__] PASSED [ 18%]
backend/tests/test_dependency_smoke.py::test_dependency_smoke[python-docx-docx-__version__] PASSED [ 21%]
backend/tests/test_dependency_smoke.py::test_dependency_smoke[celery-celery-__version__] PASSED [ 24%]
backend/tests/test_dependency_smoke.py::test_dependency_smoke[redis-redis-__version__] PASSED [ 27%]
backend/tests/test_dependency_smoke.py::test_dependency_smoke[resend-resend-__version__] PASSED [ 29%]
backend/tests/test_dependency_smoke.py::test_dependency_smoke[structlog-structlog-None] PASSED [ 32%]
backend/tests/test_dependency_smoke.py::test_dependency_smoke[prometheus-client-prometheus_client-__version__] PASSED [ 35%]
backend/tests/test_dependency_smoke.py::test_dependency_smoke[boto3-boto3-__version__] PASSED [ 37%]
backend/tests/test_dependency_smoke.py::test_dependency_smoke[pgvector-pgvector-None] PASSED [ 40%]
backend/tests/test_dependency_smoke.py::test_dependency_smoke[litellm-litellm-None] PASSED [ 43%]
backend/tests/test_dependency_smoke.py::test_dependency_smoke[langchain-langchain-__version__] PASSED [ 45%]
backend/tests/test_dependency_smoke.py::test_dependency_smoke[langchain-core-langchain_core-__version__] PASSED [ 48%]
backend/tests/test_dependency_smoke.py::test_dependency_smoke[langchain-community-langchain_community-__version__] PASSED [ 51%]
backend/tests/test_dependency_smoke.py::test_dependency_smoke[langchain-text-splitters-langchain_text_splitters-None] PASSED [ 54%]
backend/tests/test_dependency_smoke.py::test_dependency_smoke[langgraph-langgraph-None] PASSED [ 56%]
backend/tests/test_dependency_smoke.py::test_dependency_smoke[deepagents-deepagents-None] PASSED [ 59%]
backend/tests/test_dependency_smoke.py::test_dependency_smoke[mcp-mcp-None] PASSED [ 62%]
backend/tests/test_dependency_smoke.py::test_dependency_smoke[tiktoken-tiktoken-None] PASSED [ 64%]
backend/tests/test_dependency_smoke.py::test_dependency_smoke[sqlalchemy-sqlalchemy-__version__] PASSED [ 67%]
backend/tests/test_dependency_smoke.py::test_dependency_smoke[alembic-alembic-__version__] PASSED [ 70%]
backend/tests/test_health.py::test_legacy_health_still_returns_200 PASSED [ 72%]
backend/tests/test_health.py::test_health_envelope_shape PASSED          [ 75%]
backend/tests/test_health.py::test_health_live_returns_200_ok PASSED     [ 78%]
backend/tests/test_health.py::test_health_ready_returns_200_when_all_ok PASSED [ 81%]
backend/tests/test_health.py::test_health_ready_returns_503_when_db_degraded PASSED [ 83%]
backend/tests/test_health.py::test_health_ready_returns_503_when_redis_connection_error PASSED [ 86%]
backend/tests/test_health.py::test_health_ready_returns_503_when_redis_timeout PASSED [ 89%]
backend/tests/test_health.py::test_health_ready_returns_503_when_both_degraded PASSED [ 91%]
backend/tests/test_health.py::test_health_ready_body_includes_litellm_unknown PASSED [ 94%]
backend/tests/test_health.py::test_logging_verbose_mode_logs_before_after PASSED [ 97%]
backend/tests/test_health.py::test_logging_quiet_mode_suppresses_info PASSED [100%]

=============================== warnings summary ===============================
tests/test_dependency_smoke.py::test_dependency_smoke[deepagents-deepagents-None]
  /Users/sergiolr/Library/Python/3.11/lib/python/site-packages/langgraph/checkpoint/serde/encrypted.py:5: LangChainPendingDeprecationWarning: The default value of `allowed_objects` will change in a future version. Pass an explicit value (e.g., allowed_objects='messages' or allowed_objects='core') to suppress this warning.
    from langgraph.checkpoint.serde.jsonplus import JsonPlusSerializer

-- Docs: https://docs.pytest.org/en/stable/how-to/capture-warnings.html
======================== 37 passed, 1 warning in 14.97s ========================
