============================= test session starts ==============================
platform darwin -- Python 3.11.5, pytest-9.0.2, pluggy-1.6.0 -- /usr/local/bin/python3
cachedir: .pytest_cache
rootdir: /Users/sergiolr/Desktop/Productos/React-Python-Login-Admin-worktrees/P02-S08-T001/backend
configfile: pyproject.toml
plugins: httpx-0.36.0, asyncio-1.3.0, langsmith-0.8.3, anyio-4.13.0
asyncio: mode=Mode.AUTO, debug=False, asyncio_default_fixture_loop_scope=None, asyncio_default_test_loop_scope=function
collecting ... collected 28 items / 10 deselected / 18 selected

backend/tests/ai/test_agents_smoke.py::test_tc01_list_agents_happy_path_agents_smoke PASSED [  5%]
backend/tests/ai/test_agents_smoke.py::test_tc02_list_agents_empty_agents_smoke PASSED [ 11%]
backend/tests/ai/test_agents_smoke.py::test_tc03_list_agents_non_admin_403_agents_smoke PASSED [ 16%]
backend/tests/ai/test_agents_smoke.py::test_tc04_list_agents_no_auth_401_agents_smoke PASSED [ 22%]
backend/tests/ai/test_agents_smoke.py::test_tc05_bind_tools_set_replace_agents_smoke PASSED [ 27%]
backend/tests/ai/test_agents_smoke.py::test_tc06_bind_tools_unbind_all_agents_smoke PASSED [ 33%]
backend/tests/ai/test_agents_smoke.py::test_tc07_bind_tools_agent_not_found_agents_smoke PASSED [ 38%]
backend/tests/ai/test_agents_smoke.py::test_tc08_bind_tools_tool_not_found_agents_smoke PASSED [ 44%]
backend/tests/ai/test_agents_smoke.py::test_tc09_bind_tools_tool_not_approved_agents_smoke PASSED [ 50%]
backend/tests/ai/test_agents_smoke.py::test_tc10_bind_tools_payload_invalid_agents_smoke PASSED [ 55%]
backend/tests/ai/test_agents_smoke.py::test_tc11_start_run_happy_path_agents_smoke PASSED [ 61%]
backend/tests/ai/test_agents_smoke.py::test_tc12_start_run_agent_not_found_agents_smoke PASSED [ 66%]
backend/tests/ai/test_agents_smoke.py::test_tc13_start_run_agent_disabled_agents_smoke PASSED [ 72%]
backend/tests/ai/test_agents_smoke.py::test_tc14_start_run_payload_invalid_agents_smoke PASSED [ 77%]
backend/tests/ai/test_agents_smoke.py::test_tc15_start_run_non_admin_403_agents_smoke PASSED [ 83%]
backend/tests/ai/test_agents_smoke.py::test_tc16_start_run_mcp_unreachable_agents_smoke PASSED [ 88%]
backend/tests/ai/test_agents_smoke.py::test_tc17_tool_invocation_audit_agents_smoke PASSED [ 94%]
backend/tests/ai/test_agents_smoke.py::test_tc18_verbose_modes_agents_smoke PASSED [100%]

=============================== warnings summary ===============================
tests/ai/test_agents_smoke.py::test_tc10_bind_tools_payload_invalid_agents_smoke
tests/ai/test_agents_smoke.py::test_tc14_start_run_payload_invalid_agents_smoke
  /Users/sergiolr/Library/Python/3.11/lib/python/site-packages/starlette/_exception_handler.py:59: DeprecationWarning: 'HTTP_422_UNPROCESSABLE_ENTITY' is deprecated. Use 'HTTP_422_UNPROCESSABLE_CONTENT' instead.
    response = await handler(conn, exc)

tests/ai/test_agents_smoke.py::test_tc11_start_run_happy_path_agents_smoke
  /Users/sergiolr/Library/Python/3.11/lib/python/site-packages/langgraph/checkpoint/serde/encrypted.py:5: LangChainPendingDeprecationWarning: The default value of `allowed_objects` will change in a future version. Pass an explicit value (e.g., allowed_objects='messages' or allowed_objects='core') to suppress this warning.
    from langgraph.checkpoint.serde.jsonplus import JsonPlusSerializer

-- Docs: https://docs.pytest.org/en/stable/how-to/capture-warnings.html
================ 18 passed, 10 deselected, 3 warnings in 3.95s =================
